2024-07-22 17:34:40,646 INFO    StreamThr :3549304 [internal.py:wandb_internal():86] W&B internal server running at pid: 3549304, started at: 2024-07-22 17:34:40.646296
2024-07-22 17:34:40,647 DEBUG   HandlerThread:3549304 [handler.py:handle_request():146] handle_request: status
2024-07-22 17:34:40,648 INFO    WriterThread:3549304 [datastore.py:open_for_write():87] open: /media/SSD_1_2T/xt/MindBridge/src/wandb/run-20240722_173440-dfp4j9ht/run-dfp4j9ht.wandb
2024-07-22 17:34:40,648 DEBUG   SenderThread:3549304 [sender.py:send():379] send: header
2024-07-22 17:34:40,716 DEBUG   SenderThread:3549304 [sender.py:send():379] send: run
2024-07-22 17:34:41,602 INFO    SenderThread:3549304 [dir_watcher.py:__init__():211] watching files in: /media/SSD_1_2T/xt/MindBridge/src/wandb/run-20240722_173440-dfp4j9ht/files
2024-07-22 17:34:41,602 INFO    SenderThread:3549304 [sender.py:_start_run_threads():1124] run started: dfp4j9ht with start time 1721640880.646143
2024-07-22 17:34:41,606 DEBUG   HandlerThread:3549304 [handler.py:handle_request():146] handle_request: check_version
2024-07-22 17:34:41,606 DEBUG   SenderThread:3549304 [sender.py:send_request():406] send_request: check_version
2024-07-22 17:34:41,845 DEBUG   HandlerThread:3549304 [handler.py:handle_request():146] handle_request: run_start
2024-07-22 17:34:41,849 DEBUG   HandlerThread:3549304 [system_info.py:__init__():26] System info init
2024-07-22 17:34:41,849 DEBUG   HandlerThread:3549304 [system_info.py:__init__():41] System info init done
2024-07-22 17:34:41,849 INFO    HandlerThread:3549304 [system_monitor.py:start():194] Starting system monitor
2024-07-22 17:34:41,849 INFO    SystemMonitor:3549304 [system_monitor.py:_start():158] Starting system asset monitoring threads
2024-07-22 17:34:41,849 INFO    HandlerThread:3549304 [system_monitor.py:probe():214] Collecting system info
2024-07-22 17:34:41,849 INFO    SystemMonitor:3549304 [interfaces.py:start():190] Started cpu monitoring
2024-07-22 17:34:41,850 INFO    SystemMonitor:3549304 [interfaces.py:start():190] Started disk monitoring
2024-07-22 17:34:41,850 INFO    SystemMonitor:3549304 [interfaces.py:start():190] Started gpu monitoring
2024-07-22 17:34:41,850 INFO    SystemMonitor:3549304 [interfaces.py:start():190] Started memory monitoring
2024-07-22 17:34:41,851 INFO    SystemMonitor:3549304 [interfaces.py:start():190] Started network monitoring
2024-07-22 17:34:41,865 DEBUG   HandlerThread:3549304 [system_info.py:probe():150] Probing system
2024-07-22 17:34:41,865 DEBUG   HandlerThread:3549304 [system_info.py:_probe_git():135] Probing git
2024-07-22 17:34:41,868 DEBUG   HandlerThread:3549304 [system_info.py:_probe_git():143] Probing git done
2024-07-22 17:34:41,868 DEBUG   HandlerThread:3549304 [system_info.py:probe():198] Probing system done
2024-07-22 17:34:41,868 DEBUG   HandlerThread:3549304 [system_monitor.py:probe():223] {'os': 'Linux-5.15.0-112-generic-x86_64-with-glibc2.35', 'python': '3.10.14', 'heartbeatAt': '2024-07-22T09:34:41.865064', 'startedAt': '2024-07-22T09:34:40.644515', 'docker': None, 'cuda': None, 'args': ('--wandb_project', 'MindBrige_image_only_mixco_loss', '--trainer_select', 'trainer_fmri_img', '--model_name', 'MindBrige_image_only_mixco_loss', '--clip_variant', 'ViT-B/32', '--subj_list', '1', '2', '5', '7', '--num_epochs', '200', '--batch_size', '100', '--val_batch_size', '50', '--h_size', '2048', '--n_blocks', '4', '--pool_type', 'max', '--pool_num', '8192', '--clip_mult', '1', '--mse_mult', '1e5', '--mae_mult', '1e4', '--cos_mult', '10', '--rec_mult', '1', '--cyc_mult', '1', '--eval_interval', '1', '--ckpt_interval', '1', '--max_lr', '3e-3', '--num_workers', '2', '--nce_mult', '1', '--mixup_pct', '0.2'), 'state': 'running', 'program': '/media/SSD_1_2T/xt/MindBridge/src/main.py', 'codePathLocal': 'main.py', 'codePath': 'src/main.py', 'git': {'remote': 'https://github.com/littlepure2333/MindBridge.git', 'commit': 'caed23be881e8c298f8a81aa933213ba68258519'}, 'email': '1508957301@qq.com', 'root': '/media/SSD_1_2T/xt/MindBridge', 'host': 'fmri-System-Product-Name', 'username': 'fmri', 'executable': '/home/fmri/miniconda3/envs/xt/bin/python3.10', 'cpu_count': 24, 'cpu_count_logical': 32, 'cpu_freq': {'current': 3157.46646875, 'min': 800.0, 'max': 4937.5}, 'cpu_freq_per_core': [{'current': 3000.0, 'min': 800.0, 'max': 5500.0}, {'current': 3000.0, 'min': 800.0, 'max': 5500.0}, {'current': 3000.0, 'min': 800.0, 'max': 5500.0}, {'current': 5500.769, 'min': 800.0, 'max': 5500.0}, {'current': 5533.175, 'min': 800.0, 'max': 5800.0}, {'current': 3000.0, 'min': 800.0, 'max': 5800.0}, {'current': 5505.752, 'min': 800.0, 'max': 5800.0}, {'current': 3000.0, 'min': 800.0, 'max': 5800.0}, {'current': 5486.788, 'min': 800.0, 'max': 5500.0}, {'current': 3000.0, 'min': 800.0, 'max': 5500.0}, {'current': 5495.149, 'min': 800.0, 'max': 5500.0}, {'current': 3000.0, 'min': 800.0, 'max': 5500.0}, {'current': 3000.0, 'min': 800.0, 'max': 5500.0}, {'current': 3000.0, 'min': 800.0, 'max': 5500.0}, {'current': 3000.0, 'min': 800.0, 'max': 5500.0}, {'current': 3000.0, 'min': 800.0, 'max': 5500.0}, {'current': 3000.0, 'min': 800.0, 'max': 4300.0}, {'current': 3000.0, 'min': 800.0, 'max': 4300.0}, {'current': 3000.0, 'min': 800.0, 'max': 4300.0}, {'current': 3000.0, 'min': 800.0, 'max': 4300.0}, {'current': 3000.0, 'min': 800.0, 'max': 4300.0}, {'current': 3000.0, 'min': 800.0, 'max': 4300.0}, {'current': 3000.0, 'min': 800.0, 'max': 4300.0}, {'current': 3000.0, 'min': 800.0, 'max': 4300.0}, {'current': 3000.0, 'min': 800.0, 'max': 4300.0}, {'current': 3000.0, 'min': 800.0, 'max': 4300.0}, {'current': 3000.0, 'min': 800.0, 'max': 4300.0}, {'current': 3000.0, 'min': 800.0, 'max': 4300.0}, {'current': 3000.0, 'min': 800.0, 'max': 4300.0}, {'current': 4300.108, 'min': 800.0, 'max': 4300.0}, {'current': 3000.0, 'min': 800.0, 'max': 4300.0}, {'current': 3000.0, 'min': 800.0, 'max': 4300.0}], 'disk': {'/': {'total': 467.8895797729492, 'used': 347.6616859436035}}, 'gpu': 'NVIDIA GeForce RTX 4090', 'gpu_count': 2, 'gpu_devices': [{'name': 'NVIDIA GeForce RTX 4090', 'memory_total': 25757220864}, {'name': 'NVIDIA GeForce RTX 4090 D', 'memory_total': 25757220864}], 'memory': {'total': 125.60403060913086}}
2024-07-22 17:34:41,868 INFO    HandlerThread:3549304 [system_monitor.py:probe():224] Finished collecting system info
2024-07-22 17:34:41,868 INFO    HandlerThread:3549304 [system_monitor.py:probe():227] Publishing system info
2024-07-22 17:34:41,868 DEBUG   HandlerThread:3549304 [system_info.py:_save_conda():207] Saving list of conda packages installed into the current environment
2024-07-22 17:34:42,602 INFO    Thread-12 :3549304 [dir_watcher.py:_on_file_created():271] file/dir created: /media/SSD_1_2T/xt/MindBridge/src/wandb/run-20240722_173440-dfp4j9ht/files/conda-environment.yaml
2024-07-22 17:34:43,035 DEBUG   HandlerThread:3549304 [system_info.py:_save_conda():222] Saving conda packages done
2024-07-22 17:34:43,035 INFO    HandlerThread:3549304 [system_monitor.py:probe():229] Finished publishing system info
2024-07-22 17:34:43,036 DEBUG   SenderThread:3549304 [sender.py:send():379] send: files
2024-07-22 17:34:43,036 INFO    SenderThread:3549304 [sender.py:_save_file():1390] saving file wandb-metadata.json with policy now
2024-07-22 17:34:43,079 DEBUG   HandlerThread:3549304 [handler.py:handle_request():146] handle_request: python_packages
2024-07-22 17:34:43,079 DEBUG   SenderThread:3549304 [sender.py:send_request():406] send_request: python_packages
2024-07-22 17:34:43,080 DEBUG   HandlerThread:3549304 [handler.py:handle_request():146] handle_request: stop_status
2024-07-22 17:34:43,080 DEBUG   SenderThread:3549304 [sender.py:send_request():406] send_request: stop_status
2024-07-22 17:34:43,081 DEBUG   HandlerThread:3549304 [handler.py:handle_request():146] handle_request: internal_messages
2024-07-22 17:34:43,602 INFO    Thread-12 :3549304 [dir_watcher.py:_on_file_modified():288] file/dir modified: /media/SSD_1_2T/xt/MindBridge/src/wandb/run-20240722_173440-dfp4j9ht/files/conda-environment.yaml
2024-07-22 17:34:43,602 INFO    Thread-12 :3549304 [dir_watcher.py:_on_file_created():271] file/dir created: /media/SSD_1_2T/xt/MindBridge/src/wandb/run-20240722_173440-dfp4j9ht/files/requirements.txt
2024-07-22 17:34:43,602 INFO    Thread-12 :3549304 [dir_watcher.py:_on_file_created():271] file/dir created: /media/SSD_1_2T/xt/MindBridge/src/wandb/run-20240722_173440-dfp4j9ht/files/wandb-metadata.json
2024-07-22 17:34:43,763 DEBUG   SenderThread:3549304 [sender.py:send():379] send: telemetry
2024-07-22 17:34:44,397 INFO    wandb-upload_0:3549304 [upload_job.py:push():131] Uploaded file /tmp/tmp8nxnbpcmwandb/qv1ah5t9-wandb-metadata.json
2024-07-22 17:34:44,602 INFO    Thread-12 :3549304 [dir_watcher.py:_on_file_created():271] file/dir created: /media/SSD_1_2T/xt/MindBridge/src/wandb/run-20240722_173440-dfp4j9ht/files/output.log
2024-07-22 17:34:45,658 DEBUG   HandlerThread:3549304 [handler.py:handle_request():146] handle_request: status_report
2024-07-22 17:34:46,603 INFO    Thread-12 :3549304 [dir_watcher.py:_on_file_modified():288] file/dir modified: /media/SSD_1_2T/xt/MindBridge/src/wandb/run-20240722_173440-dfp4j9ht/files/output.log
2024-07-22 17:34:48,603 INFO    Thread-12 :3549304 [dir_watcher.py:_on_file_modified():288] file/dir modified: /media/SSD_1_2T/xt/MindBridge/src/wandb/run-20240722_173440-dfp4j9ht/files/output.log
2024-07-22 17:34:50,604 INFO    Thread-12 :3549304 [dir_watcher.py:_on_file_modified():288] file/dir modified: /media/SSD_1_2T/xt/MindBridge/src/wandb/run-20240722_173440-dfp4j9ht/files/output.log
2024-07-22 17:34:50,766 DEBUG   HandlerThread:3549304 [handler.py:handle_request():146] handle_request: status_report
2024-07-22 17:34:52,604 INFO    Thread-12 :3549304 [dir_watcher.py:_on_file_modified():288] file/dir modified: /media/SSD_1_2T/xt/MindBridge/src/wandb/run-20240722_173440-dfp4j9ht/files/output.log
2024-07-22 17:34:54,605 INFO    Thread-12 :3549304 [dir_watcher.py:_on_file_modified():288] file/dir modified: /media/SSD_1_2T/xt/MindBridge/src/wandb/run-20240722_173440-dfp4j9ht/files/output.log
2024-07-22 17:34:55,882 DEBUG   HandlerThread:3549304 [handler.py:handle_request():146] handle_request: status_report
2024-07-22 17:34:56,605 INFO    Thread-12 :3549304 [dir_watcher.py:_on_file_modified():288] file/dir modified: /media/SSD_1_2T/xt/MindBridge/src/wandb/run-20240722_173440-dfp4j9ht/files/output.log
2024-07-22 17:34:57,757 DEBUG   HandlerThread:3549304 [handler.py:handle_request():146] handle_request: partial_history
2024-07-22 17:34:57,759 DEBUG   SenderThread:3549304 [sender.py:send():379] send: history
2024-07-22 17:34:57,760 DEBUG   SenderThread:3549304 [sender.py:send_request():406] send_request: summary_record
2024-07-22 17:34:57,760 INFO    SenderThread:3549304 [sender.py:_save_file():1390] saving file wandb-summary.json with policy end
2024-07-22 17:34:58,081 DEBUG   HandlerThread:3549304 [handler.py:handle_request():146] handle_request: internal_messages
2024-07-22 17:34:58,081 DEBUG   HandlerThread:3549304 [handler.py:handle_request():146] handle_request: stop_status
2024-07-22 17:34:58,082 DEBUG   SenderThread:3549304 [sender.py:send_request():406] send_request: stop_status
2024-07-22 17:34:58,606 INFO    Thread-12 :3549304 [dir_watcher.py:_on_file_modified():288] file/dir modified: /media/SSD_1_2T/xt/MindBridge/src/wandb/run-20240722_173440-dfp4j9ht/files/output.log
2024-07-22 17:34:58,606 INFO    Thread-12 :3549304 [dir_watcher.py:_on_file_created():271] file/dir created: /media/SSD_1_2T/xt/MindBridge/src/wandb/run-20240722_173440-dfp4j9ht/files/wandb-summary.json
2024-07-22 17:35:00,606 INFO    Thread-12 :3549304 [dir_watcher.py:_on_file_modified():288] file/dir modified: /media/SSD_1_2T/xt/MindBridge/src/wandb/run-20240722_173440-dfp4j9ht/files/output.log
2024-07-22 17:35:00,932 DEBUG   HandlerThread:3549304 [handler.py:handle_request():146] handle_request: status_report
2024-07-22 17:35:02,607 INFO    Thread-12 :3549304 [dir_watcher.py:_on_file_modified():288] file/dir modified: /media/SSD_1_2T/xt/MindBridge/src/wandb/run-20240722_173440-dfp4j9ht/files/output.log
2024-07-22 17:35:04,607 INFO    Thread-12 :3549304 [dir_watcher.py:_on_file_modified():288] file/dir modified: /media/SSD_1_2T/xt/MindBridge/src/wandb/run-20240722_173440-dfp4j9ht/files/output.log
2024-07-22 17:35:06,048 DEBUG   HandlerThread:3549304 [handler.py:handle_request():146] handle_request: status_report
2024-07-22 17:35:06,608 INFO    Thread-12 :3549304 [dir_watcher.py:_on_file_modified():288] file/dir modified: /media/SSD_1_2T/xt/MindBridge/src/wandb/run-20240722_173440-dfp4j9ht/files/output.log
2024-07-22 17:35:08,608 INFO    Thread-12 :3549304 [dir_watcher.py:_on_file_modified():288] file/dir modified: /media/SSD_1_2T/xt/MindBridge/src/wandb/run-20240722_173440-dfp4j9ht/files/output.log
2024-07-22 17:35:10,609 INFO    Thread-12 :3549304 [dir_watcher.py:_on_file_modified():288] file/dir modified: /media/SSD_1_2T/xt/MindBridge/src/wandb/run-20240722_173440-dfp4j9ht/files/output.log
2024-07-22 17:35:11,451 DEBUG   HandlerThread:3549304 [handler.py:handle_request():146] handle_request: status_report
2024-07-22 17:35:11,842 DEBUG   HandlerThread:3549304 [handler.py:handle_request():146] handle_request: partial_history
2024-07-22 17:35:11,843 DEBUG   SenderThread:3549304 [sender.py:send():379] send: history
2024-07-22 17:35:11,843 DEBUG   SenderThread:3549304 [sender.py:send_request():406] send_request: summary_record
2024-07-22 17:35:11,844 INFO    SenderThread:3549304 [sender.py:_save_file():1390] saving file wandb-summary.json with policy end
2024-07-22 17:35:12,609 INFO    Thread-12 :3549304 [dir_watcher.py:_on_file_modified():288] file/dir modified: /media/SSD_1_2T/xt/MindBridge/src/wandb/run-20240722_173440-dfp4j9ht/files/config.yaml
2024-07-22 17:35:12,610 INFO    Thread-12 :3549304 [dir_watcher.py:_on_file_modified():288] file/dir modified: /media/SSD_1_2T/xt/MindBridge/src/wandb/run-20240722_173440-dfp4j9ht/files/wandb-summary.json
2024-07-22 17:35:12,616 INFO    Thread-12 :3549304 [dir_watcher.py:_on_file_modified():288] file/dir modified: /media/SSD_1_2T/xt/MindBridge/src/wandb/run-20240722_173440-dfp4j9ht/files/output.log
2024-07-22 17:35:13,080 DEBUG   HandlerThread:3549304 [handler.py:handle_request():146] handle_request: stop_status
2024-07-22 17:35:13,080 DEBUG   SenderThread:3549304 [sender.py:send_request():406] send_request: stop_status
2024-07-22 17:35:13,081 DEBUG   HandlerThread:3549304 [handler.py:handle_request():146] handle_request: internal_messages
2024-07-22 17:35:14,610 INFO    Thread-12 :3549304 [dir_watcher.py:_on_file_modified():288] file/dir modified: /media/SSD_1_2T/xt/MindBridge/src/wandb/run-20240722_173440-dfp4j9ht/files/output.log
2024-07-22 17:35:16,611 INFO    Thread-12 :3549304 [dir_watcher.py:_on_file_modified():288] file/dir modified: /media/SSD_1_2T/xt/MindBridge/src/wandb/run-20240722_173440-dfp4j9ht/files/output.log
2024-07-22 17:35:16,760 DEBUG   HandlerThread:3549304 [handler.py:handle_request():146] handle_request: status_report
2024-07-22 17:35:18,611 INFO    Thread-12 :3549304 [dir_watcher.py:_on_file_modified():288] file/dir modified: /media/SSD_1_2T/xt/MindBridge/src/wandb/run-20240722_173440-dfp4j9ht/files/output.log
2024-07-22 17:35:20,612 INFO    Thread-12 :3549304 [dir_watcher.py:_on_file_modified():288] file/dir modified: /media/SSD_1_2T/xt/MindBridge/src/wandb/run-20240722_173440-dfp4j9ht/files/output.log
2024-07-22 17:35:21,885 DEBUG   HandlerThread:3549304 [handler.py:handle_request():146] handle_request: status_report
2024-07-22 17:35:22,613 INFO    Thread-12 :3549304 [dir_watcher.py:_on_file_modified():288] file/dir modified: /media/SSD_1_2T/xt/MindBridge/src/wandb/run-20240722_173440-dfp4j9ht/files/output.log
2024-07-22 17:35:24,613 INFO    Thread-12 :3549304 [dir_watcher.py:_on_file_modified():288] file/dir modified: /media/SSD_1_2T/xt/MindBridge/src/wandb/run-20240722_173440-dfp4j9ht/files/output.log
2024-07-22 17:35:25,907 DEBUG   HandlerThread:3549304 [handler.py:handle_request():146] handle_request: partial_history
2024-07-22 17:35:25,908 DEBUG   SenderThread:3549304 [sender.py:send():379] send: history
2024-07-22 17:35:25,908 DEBUG   SenderThread:3549304 [sender.py:send_request():406] send_request: summary_record
2024-07-22 17:35:25,909 INFO    SenderThread:3549304 [sender.py:_save_file():1390] saving file wandb-summary.json with policy end
2024-07-22 17:35:26,614 INFO    Thread-12 :3549304 [dir_watcher.py:_on_file_modified():288] file/dir modified: /media/SSD_1_2T/xt/MindBridge/src/wandb/run-20240722_173440-dfp4j9ht/files/wandb-summary.json
2024-07-22 17:35:26,614 INFO    Thread-12 :3549304 [dir_watcher.py:_on_file_modified():288] file/dir modified: /media/SSD_1_2T/xt/MindBridge/src/wandb/run-20240722_173440-dfp4j9ht/files/output.log
2024-07-22 17:35:26,972 DEBUG   HandlerThread:3549304 [handler.py:handle_request():146] handle_request: status_report
2024-07-22 17:35:28,080 DEBUG   HandlerThread:3549304 [handler.py:handle_request():146] handle_request: stop_status
2024-07-22 17:35:28,081 DEBUG   SenderThread:3549304 [sender.py:send_request():406] send_request: stop_status
2024-07-22 17:35:28,082 DEBUG   HandlerThread:3549304 [handler.py:handle_request():146] handle_request: internal_messages
2024-07-22 17:35:28,614 INFO    Thread-12 :3549304 [dir_watcher.py:_on_file_modified():288] file/dir modified: /media/SSD_1_2T/xt/MindBridge/src/wandb/run-20240722_173440-dfp4j9ht/files/output.log
2024-07-22 17:35:30,615 INFO    Thread-12 :3549304 [dir_watcher.py:_on_file_modified():288] file/dir modified: /media/SSD_1_2T/xt/MindBridge/src/wandb/run-20240722_173440-dfp4j9ht/files/output.log
2024-07-22 17:35:32,101 DEBUG   HandlerThread:3549304 [handler.py:handle_request():146] handle_request: status_report
2024-07-22 17:35:32,615 INFO    Thread-12 :3549304 [dir_watcher.py:_on_file_modified():288] file/dir modified: /media/SSD_1_2T/xt/MindBridge/src/wandb/run-20240722_173440-dfp4j9ht/files/output.log
2024-07-22 17:35:34,616 INFO    Thread-12 :3549304 [dir_watcher.py:_on_file_modified():288] file/dir modified: /media/SSD_1_2T/xt/MindBridge/src/wandb/run-20240722_173440-dfp4j9ht/files/output.log
2024-07-22 17:35:36,616 INFO    Thread-12 :3549304 [dir_watcher.py:_on_file_modified():288] file/dir modified: /media/SSD_1_2T/xt/MindBridge/src/wandb/run-20240722_173440-dfp4j9ht/files/output.log
2024-07-22 17:35:37,228 DEBUG   HandlerThread:3549304 [handler.py:handle_request():146] handle_request: status_report
2024-07-22 17:35:38,617 INFO    Thread-12 :3549304 [dir_watcher.py:_on_file_modified():288] file/dir modified: /media/SSD_1_2T/xt/MindBridge/src/wandb/run-20240722_173440-dfp4j9ht/files/output.log
2024-07-22 17:35:39,940 DEBUG   HandlerThread:3549304 [handler.py:handle_request():146] handle_request: partial_history
2024-07-22 17:35:39,940 DEBUG   SenderThread:3549304 [sender.py:send():379] send: history
2024-07-22 17:35:39,940 DEBUG   SenderThread:3549304 [sender.py:send_request():406] send_request: summary_record
2024-07-22 17:35:39,941 INFO    SenderThread:3549304 [sender.py:_save_file():1390] saving file wandb-summary.json with policy end
2024-07-22 17:35:40,618 INFO    Thread-12 :3549304 [dir_watcher.py:_on_file_modified():288] file/dir modified: /media/SSD_1_2T/xt/MindBridge/src/wandb/run-20240722_173440-dfp4j9ht/files/wandb-summary.json
2024-07-22 17:35:40,618 INFO    Thread-12 :3549304 [dir_watcher.py:_on_file_modified():288] file/dir modified: /media/SSD_1_2T/xt/MindBridge/src/wandb/run-20240722_173440-dfp4j9ht/files/output.log
2024-07-22 17:35:41,851 DEBUG   SystemMonitor:3549304 [system_monitor.py:_start():172] Starting system metrics aggregation loop
2024-07-22 17:35:41,852 DEBUG   SenderThread:3549304 [sender.py:send():379] send: stats
2024-07-22 17:35:42,358 DEBUG   HandlerThread:3549304 [handler.py:handle_request():146] handle_request: status_report
2024-07-22 17:35:42,619 INFO    Thread-12 :3549304 [dir_watcher.py:_on_file_modified():288] file/dir modified: /media/SSD_1_2T/xt/MindBridge/src/wandb/run-20240722_173440-dfp4j9ht/files/output.log
2024-07-22 17:35:43,080 DEBUG   HandlerThread:3549304 [handler.py:handle_request():146] handle_request: stop_status
2024-07-22 17:35:43,081 DEBUG   SenderThread:3549304 [sender.py:send_request():406] send_request: stop_status
2024-07-22 17:35:43,082 DEBUG   HandlerThread:3549304 [handler.py:handle_request():146] handle_request: internal_messages
2024-07-22 17:35:44,619 INFO    Thread-12 :3549304 [dir_watcher.py:_on_file_modified():288] file/dir modified: /media/SSD_1_2T/xt/MindBridge/src/wandb/run-20240722_173440-dfp4j9ht/files/output.log
2024-07-22 17:35:46,620 INFO    Thread-12 :3549304 [dir_watcher.py:_on_file_modified():288] file/dir modified: /media/SSD_1_2T/xt/MindBridge/src/wandb/run-20240722_173440-dfp4j9ht/files/output.log
2024-07-22 17:35:47,481 DEBUG   HandlerThread:3549304 [handler.py:handle_request():146] handle_request: status_report
2024-07-22 17:35:48,620 INFO    Thread-12 :3549304 [dir_watcher.py:_on_file_modified():288] file/dir modified: /media/SSD_1_2T/xt/MindBridge/src/wandb/run-20240722_173440-dfp4j9ht/files/output.log
2024-07-22 17:35:50,621 INFO    Thread-12 :3549304 [dir_watcher.py:_on_file_modified():288] file/dir modified: /media/SSD_1_2T/xt/MindBridge/src/wandb/run-20240722_173440-dfp4j9ht/files/output.log
2024-07-22 17:35:52,609 DEBUG   HandlerThread:3549304 [handler.py:handle_request():146] handle_request: status_report
2024-07-22 17:35:52,621 INFO    Thread-12 :3549304 [dir_watcher.py:_on_file_modified():288] file/dir modified: /media/SSD_1_2T/xt/MindBridge/src/wandb/run-20240722_173440-dfp4j9ht/files/output.log
2024-07-22 17:35:53,987 DEBUG   HandlerThread:3549304 [handler.py:handle_request():146] handle_request: partial_history
2024-07-22 17:35:53,997 DEBUG   SenderThread:3549304 [sender.py:send():379] send: history
2024-07-22 17:35:53,997 DEBUG   SenderThread:3549304 [sender.py:send_request():406] send_request: summary_record
2024-07-22 17:35:53,997 INFO    SenderThread:3549304 [sender.py:_save_file():1390] saving file wandb-summary.json with policy end
2024-07-22 17:35:54,622 INFO    Thread-12 :3549304 [dir_watcher.py:_on_file_modified():288] file/dir modified: /media/SSD_1_2T/xt/MindBridge/src/wandb/run-20240722_173440-dfp4j9ht/files/wandb-summary.json
2024-07-22 17:35:54,622 INFO    Thread-12 :3549304 [dir_watcher.py:_on_file_modified():288] file/dir modified: /media/SSD_1_2T/xt/MindBridge/src/wandb/run-20240722_173440-dfp4j9ht/files/output.log
2024-07-22 17:35:56,622 INFO    Thread-12 :3549304 [dir_watcher.py:_on_file_modified():288] file/dir modified: /media/SSD_1_2T/xt/MindBridge/src/wandb/run-20240722_173440-dfp4j9ht/files/output.log
2024-07-22 17:35:57,682 DEBUG   HandlerThread:3549304 [handler.py:handle_request():146] handle_request: status_report
2024-07-22 17:35:58,080 DEBUG   HandlerThread:3549304 [handler.py:handle_request():146] handle_request: stop_status
2024-07-22 17:35:58,081 DEBUG   SenderThread:3549304 [sender.py:send_request():406] send_request: stop_status
2024-07-22 17:35:58,082 DEBUG   HandlerThread:3549304 [handler.py:handle_request():146] handle_request: internal_messages
2024-07-22 17:35:58,623 INFO    Thread-12 :3549304 [dir_watcher.py:_on_file_modified():288] file/dir modified: /media/SSD_1_2T/xt/MindBridge/src/wandb/run-20240722_173440-dfp4j9ht/files/output.log
2024-07-22 17:36:00,623 INFO    Thread-12 :3549304 [dir_watcher.py:_on_file_modified():288] file/dir modified: /media/SSD_1_2T/xt/MindBridge/src/wandb/run-20240722_173440-dfp4j9ht/files/output.log
2024-07-22 17:36:02,624 INFO    Thread-12 :3549304 [dir_watcher.py:_on_file_modified():288] file/dir modified: /media/SSD_1_2T/xt/MindBridge/src/wandb/run-20240722_173440-dfp4j9ht/files/output.log
2024-07-22 17:36:02,812 DEBUG   HandlerThread:3549304 [handler.py:handle_request():146] handle_request: status_report
2024-07-22 17:36:04,624 INFO    Thread-12 :3549304 [dir_watcher.py:_on_file_modified():288] file/dir modified: /media/SSD_1_2T/xt/MindBridge/src/wandb/run-20240722_173440-dfp4j9ht/files/output.log
2024-07-22 17:36:06,625 INFO    Thread-12 :3549304 [dir_watcher.py:_on_file_modified():288] file/dir modified: /media/SSD_1_2T/xt/MindBridge/src/wandb/run-20240722_173440-dfp4j9ht/files/output.log
2024-07-22 17:36:07,833 DEBUG   HandlerThread:3549304 [handler.py:handle_request():146] handle_request: status_report
2024-07-22 17:36:08,012 DEBUG   HandlerThread:3549304 [handler.py:handle_request():146] handle_request: partial_history
2024-07-22 17:36:08,013 DEBUG   SenderThread:3549304 [sender.py:send():379] send: history
2024-07-22 17:36:08,013 DEBUG   SenderThread:3549304 [sender.py:send_request():406] send_request: summary_record
2024-07-22 17:36:08,014 INFO    SenderThread:3549304 [sender.py:_save_file():1390] saving file wandb-summary.json with policy end
2024-07-22 17:36:08,625 INFO    Thread-12 :3549304 [dir_watcher.py:_on_file_modified():288] file/dir modified: /media/SSD_1_2T/xt/MindBridge/src/wandb/run-20240722_173440-dfp4j9ht/files/wandb-summary.json
2024-07-22 17:36:08,626 INFO    Thread-12 :3549304 [dir_watcher.py:_on_file_modified():288] file/dir modified: /media/SSD_1_2T/xt/MindBridge/src/wandb/run-20240722_173440-dfp4j9ht/files/output.log
2024-07-22 17:36:10,626 INFO    Thread-12 :3549304 [dir_watcher.py:_on_file_modified():288] file/dir modified: /media/SSD_1_2T/xt/MindBridge/src/wandb/run-20240722_173440-dfp4j9ht/files/output.log
2024-07-22 17:36:11,864 DEBUG   SenderThread:3549304 [sender.py:send():379] send: stats
2024-07-22 17:36:12,626 INFO    Thread-12 :3549304 [dir_watcher.py:_on_file_modified():288] file/dir modified: /media/SSD_1_2T/xt/MindBridge/src/wandb/run-20240722_173440-dfp4j9ht/files/output.log
2024-07-22 17:36:12,933 DEBUG   HandlerThread:3549304 [handler.py:handle_request():146] handle_request: status_report
2024-07-22 17:36:13,081 DEBUG   HandlerThread:3549304 [handler.py:handle_request():146] handle_request: stop_status
2024-07-22 17:36:13,081 DEBUG   SenderThread:3549304 [sender.py:send_request():406] send_request: stop_status
2024-07-22 17:36:13,082 DEBUG   HandlerThread:3549304 [handler.py:handle_request():146] handle_request: internal_messages
2024-07-22 17:36:14,627 INFO    Thread-12 :3549304 [dir_watcher.py:_on_file_modified():288] file/dir modified: /media/SSD_1_2T/xt/MindBridge/src/wandb/run-20240722_173440-dfp4j9ht/files/output.log
2024-07-22 17:36:16,627 INFO    Thread-12 :3549304 [dir_watcher.py:_on_file_modified():288] file/dir modified: /media/SSD_1_2T/xt/MindBridge/src/wandb/run-20240722_173440-dfp4j9ht/files/output.log
2024-07-22 17:36:18,070 DEBUG   HandlerThread:3549304 [handler.py:handle_request():146] handle_request: status_report
2024-07-22 17:36:18,628 INFO    Thread-12 :3549304 [dir_watcher.py:_on_file_modified():288] file/dir modified: /media/SSD_1_2T/xt/MindBridge/src/wandb/run-20240722_173440-dfp4j9ht/files/output.log
2024-07-22 17:36:20,629 INFO    Thread-12 :3549304 [dir_watcher.py:_on_file_modified():288] file/dir modified: /media/SSD_1_2T/xt/MindBridge/src/wandb/run-20240722_173440-dfp4j9ht/files/output.log
2024-07-22 17:36:22,069 DEBUG   HandlerThread:3549304 [handler.py:handle_request():146] handle_request: partial_history
2024-07-22 17:36:22,070 DEBUG   SenderThread:3549304 [sender.py:send():379] send: history
2024-07-22 17:36:22,070 DEBUG   SenderThread:3549304 [sender.py:send_request():406] send_request: summary_record
2024-07-22 17:36:22,070 INFO    SenderThread:3549304 [sender.py:_save_file():1390] saving file wandb-summary.json with policy end
2024-07-22 17:36:22,629 INFO    Thread-12 :3549304 [dir_watcher.py:_on_file_modified():288] file/dir modified: /media/SSD_1_2T/xt/MindBridge/src/wandb/run-20240722_173440-dfp4j9ht/files/wandb-summary.json
2024-07-22 17:36:22,630 INFO    Thread-12 :3549304 [dir_watcher.py:_on_file_modified():288] file/dir modified: /media/SSD_1_2T/xt/MindBridge/src/wandb/run-20240722_173440-dfp4j9ht/files/output.log
2024-07-22 17:36:23,125 DEBUG   HandlerThread:3549304 [handler.py:handle_request():146] handle_request: status_report
2024-07-22 17:36:24,630 INFO    Thread-12 :3549304 [dir_watcher.py:_on_file_modified():288] file/dir modified: /media/SSD_1_2T/xt/MindBridge/src/wandb/run-20240722_173440-dfp4j9ht/files/output.log
2024-07-22 17:36:26,630 INFO    Thread-12 :3549304 [dir_watcher.py:_on_file_modified():288] file/dir modified: /media/SSD_1_2T/xt/MindBridge/src/wandb/run-20240722_173440-dfp4j9ht/files/output.log
2024-07-22 17:36:28,081 DEBUG   HandlerThread:3549304 [handler.py:handle_request():146] handle_request: stop_status
2024-07-22 17:36:28,081 DEBUG   SenderThread:3549304 [sender.py:send_request():406] send_request: stop_status
2024-07-22 17:36:28,082 DEBUG   HandlerThread:3549304 [handler.py:handle_request():146] handle_request: internal_messages
2024-07-22 17:36:28,440 DEBUG   HandlerThread:3549304 [handler.py:handle_request():146] handle_request: status_report
2024-07-22 17:36:28,631 INFO    Thread-12 :3549304 [dir_watcher.py:_on_file_modified():288] file/dir modified: /media/SSD_1_2T/xt/MindBridge/src/wandb/run-20240722_173440-dfp4j9ht/files/output.log
2024-07-22 17:36:30,632 INFO    Thread-12 :3549304 [dir_watcher.py:_on_file_modified():288] file/dir modified: /media/SSD_1_2T/xt/MindBridge/src/wandb/run-20240722_173440-dfp4j9ht/files/output.log
2024-07-22 17:36:32,632 INFO    Thread-12 :3549304 [dir_watcher.py:_on_file_modified():288] file/dir modified: /media/SSD_1_2T/xt/MindBridge/src/wandb/run-20240722_173440-dfp4j9ht/files/output.log
2024-07-22 17:36:33,544 DEBUG   HandlerThread:3549304 [handler.py:handle_request():146] handle_request: status_report
2024-07-22 17:36:34,633 INFO    Thread-12 :3549304 [dir_watcher.py:_on_file_modified():288] file/dir modified: /media/SSD_1_2T/xt/MindBridge/src/wandb/run-20240722_173440-dfp4j9ht/files/output.log
2024-07-22 17:36:36,090 DEBUG   HandlerThread:3549304 [handler.py:handle_request():146] handle_request: partial_history
2024-07-22 17:36:36,091 DEBUG   SenderThread:3549304 [sender.py:send():379] send: history
2024-07-22 17:36:36,091 DEBUG   SenderThread:3549304 [sender.py:send_request():406] send_request: summary_record
2024-07-22 17:36:36,092 INFO    SenderThread:3549304 [sender.py:_save_file():1390] saving file wandb-summary.json with policy end
2024-07-22 17:36:36,634 INFO    Thread-12 :3549304 [dir_watcher.py:_on_file_modified():288] file/dir modified: /media/SSD_1_2T/xt/MindBridge/src/wandb/run-20240722_173440-dfp4j9ht/files/wandb-summary.json
2024-07-22 17:36:36,634 INFO    Thread-12 :3549304 [dir_watcher.py:_on_file_modified():288] file/dir modified: /media/SSD_1_2T/xt/MindBridge/src/wandb/run-20240722_173440-dfp4j9ht/files/output.log
2024-07-22 17:36:38,634 INFO    Thread-12 :3549304 [dir_watcher.py:_on_file_modified():288] file/dir modified: /media/SSD_1_2T/xt/MindBridge/src/wandb/run-20240722_173440-dfp4j9ht/files/output.log
2024-07-22 17:36:38,644 DEBUG   HandlerThread:3549304 [handler.py:handle_request():146] handle_request: status_report
2024-07-22 17:36:40,634 INFO    Thread-12 :3549304 [dir_watcher.py:_on_file_modified():288] file/dir modified: /media/SSD_1_2T/xt/MindBridge/src/wandb/run-20240722_173440-dfp4j9ht/files/output.log
2024-07-22 17:36:41,853 DEBUG   SenderThread:3549304 [sender.py:send():379] send: stats
2024-07-22 17:36:42,635 INFO    Thread-12 :3549304 [dir_watcher.py:_on_file_modified():288] file/dir modified: /media/SSD_1_2T/xt/MindBridge/src/wandb/run-20240722_173440-dfp4j9ht/files/output.log
2024-07-22 17:36:43,081 DEBUG   HandlerThread:3549304 [handler.py:handle_request():146] handle_request: stop_status
2024-07-22 17:36:43,081 DEBUG   SenderThread:3549304 [sender.py:send_request():406] send_request: stop_status
2024-07-22 17:36:43,082 DEBUG   HandlerThread:3549304 [handler.py:handle_request():146] handle_request: internal_messages
2024-07-22 17:36:43,761 DEBUG   HandlerThread:3549304 [handler.py:handle_request():146] handle_request: status_report
2024-07-22 17:36:44,636 INFO    Thread-12 :3549304 [dir_watcher.py:_on_file_modified():288] file/dir modified: /media/SSD_1_2T/xt/MindBridge/src/wandb/run-20240722_173440-dfp4j9ht/files/output.log
2024-07-22 17:36:46,636 INFO    Thread-12 :3549304 [dir_watcher.py:_on_file_modified():288] file/dir modified: /media/SSD_1_2T/xt/MindBridge/src/wandb/run-20240722_173440-dfp4j9ht/files/output.log
2024-07-22 17:36:48,637 INFO    Thread-12 :3549304 [dir_watcher.py:_on_file_modified():288] file/dir modified: /media/SSD_1_2T/xt/MindBridge/src/wandb/run-20240722_173440-dfp4j9ht/files/output.log
2024-07-22 17:36:48,891 DEBUG   HandlerThread:3549304 [handler.py:handle_request():146] handle_request: status_report
2024-07-22 17:36:50,126 DEBUG   HandlerThread:3549304 [handler.py:handle_request():146] handle_request: partial_history
2024-07-22 17:36:50,127 DEBUG   SenderThread:3549304 [sender.py:send():379] send: history
2024-07-22 17:36:50,128 DEBUG   SenderThread:3549304 [sender.py:send_request():406] send_request: summary_record
2024-07-22 17:36:50,128 INFO    SenderThread:3549304 [sender.py:_save_file():1390] saving file wandb-summary.json with policy end
2024-07-22 17:36:50,638 INFO    Thread-12 :3549304 [dir_watcher.py:_on_file_modified():288] file/dir modified: /media/SSD_1_2T/xt/MindBridge/src/wandb/run-20240722_173440-dfp4j9ht/files/wandb-summary.json
2024-07-22 17:36:50,638 INFO    Thread-12 :3549304 [dir_watcher.py:_on_file_modified():288] file/dir modified: /media/SSD_1_2T/xt/MindBridge/src/wandb/run-20240722_173440-dfp4j9ht/files/output.log
2024-07-22 17:36:52,638 INFO    Thread-12 :3549304 [dir_watcher.py:_on_file_modified():288] file/dir modified: /media/SSD_1_2T/xt/MindBridge/src/wandb/run-20240722_173440-dfp4j9ht/files/output.log
2024-07-22 17:36:53,990 DEBUG   HandlerThread:3549304 [handler.py:handle_request():146] handle_request: status_report
2024-07-22 17:36:54,639 INFO    Thread-12 :3549304 [dir_watcher.py:_on_file_modified():288] file/dir modified: /media/SSD_1_2T/xt/MindBridge/src/wandb/run-20240722_173440-dfp4j9ht/files/output.log
2024-07-22 17:36:56,640 INFO    Thread-12 :3549304 [dir_watcher.py:_on_file_modified():288] file/dir modified: /media/SSD_1_2T/xt/MindBridge/src/wandb/run-20240722_173440-dfp4j9ht/files/output.log
2024-07-22 17:36:58,081 DEBUG   HandlerThread:3549304 [handler.py:handle_request():146] handle_request: stop_status
2024-07-22 17:36:58,081 DEBUG   SenderThread:3549304 [sender.py:send_request():406] send_request: stop_status
2024-07-22 17:36:58,082 DEBUG   HandlerThread:3549304 [handler.py:handle_request():146] handle_request: internal_messages
2024-07-22 17:36:58,640 INFO    Thread-12 :3549304 [dir_watcher.py:_on_file_modified():288] file/dir modified: /media/SSD_1_2T/xt/MindBridge/src/wandb/run-20240722_173440-dfp4j9ht/files/output.log
2024-07-22 17:36:59,118 DEBUG   HandlerThread:3549304 [handler.py:handle_request():146] handle_request: status_report
2024-07-22 17:37:00,641 INFO    Thread-12 :3549304 [dir_watcher.py:_on_file_modified():288] file/dir modified: /media/SSD_1_2T/xt/MindBridge/src/wandb/run-20240722_173440-dfp4j9ht/files/output.log
2024-07-22 17:37:02,641 INFO    Thread-12 :3549304 [dir_watcher.py:_on_file_modified():288] file/dir modified: /media/SSD_1_2T/xt/MindBridge/src/wandb/run-20240722_173440-dfp4j9ht/files/output.log
2024-07-22 17:37:04,130 DEBUG   HandlerThread:3549304 [handler.py:handle_request():146] handle_request: status_report
2024-07-22 17:37:04,180 DEBUG   HandlerThread:3549304 [handler.py:handle_request():146] handle_request: partial_history
2024-07-22 17:37:04,190 DEBUG   SenderThread:3549304 [sender.py:send():379] send: history
2024-07-22 17:37:04,190 DEBUG   SenderThread:3549304 [sender.py:send_request():406] send_request: summary_record
2024-07-22 17:37:04,190 INFO    SenderThread:3549304 [sender.py:_save_file():1390] saving file wandb-summary.json with policy end
2024-07-22 17:37:04,642 INFO    Thread-12 :3549304 [dir_watcher.py:_on_file_modified():288] file/dir modified: /media/SSD_1_2T/xt/MindBridge/src/wandb/run-20240722_173440-dfp4j9ht/files/wandb-summary.json
2024-07-22 17:37:04,642 INFO    Thread-12 :3549304 [dir_watcher.py:_on_file_modified():288] file/dir modified: /media/SSD_1_2T/xt/MindBridge/src/wandb/run-20240722_173440-dfp4j9ht/files/output.log
2024-07-22 17:37:06,642 INFO    Thread-12 :3549304 [dir_watcher.py:_on_file_modified():288] file/dir modified: /media/SSD_1_2T/xt/MindBridge/src/wandb/run-20240722_173440-dfp4j9ht/files/output.log
2024-07-22 17:37:08,643 INFO    Thread-12 :3549304 [dir_watcher.py:_on_file_modified():288] file/dir modified: /media/SSD_1_2T/xt/MindBridge/src/wandb/run-20240722_173440-dfp4j9ht/files/output.log
2024-07-22 17:37:09,205 DEBUG   HandlerThread:3549304 [handler.py:handle_request():146] handle_request: status_report
2024-07-22 17:37:10,643 INFO    Thread-12 :3549304 [dir_watcher.py:_on_file_modified():288] file/dir modified: /media/SSD_1_2T/xt/MindBridge/src/wandb/run-20240722_173440-dfp4j9ht/files/output.log
2024-07-22 17:37:11,854 DEBUG   SenderThread:3549304 [sender.py:send():379] send: stats
2024-07-22 17:37:12,644 INFO    Thread-12 :3549304 [dir_watcher.py:_on_file_modified():288] file/dir modified: /media/SSD_1_2T/xt/MindBridge/src/wandb/run-20240722_173440-dfp4j9ht/files/output.log
2024-07-22 17:37:13,081 DEBUG   HandlerThread:3549304 [handler.py:handle_request():146] handle_request: stop_status
2024-07-22 17:37:13,081 DEBUG   SenderThread:3549304 [sender.py:send_request():406] send_request: stop_status
2024-07-22 17:37:13,083 DEBUG   HandlerThread:3549304 [handler.py:handle_request():146] handle_request: internal_messages
2024-07-22 17:37:14,330 DEBUG   HandlerThread:3549304 [handler.py:handle_request():146] handle_request: status_report
2024-07-22 17:37:14,644 INFO    Thread-12 :3549304 [dir_watcher.py:_on_file_modified():288] file/dir modified: /media/SSD_1_2T/xt/MindBridge/src/wandb/run-20240722_173440-dfp4j9ht/files/output.log
2024-07-22 17:37:16,645 INFO    Thread-12 :3549304 [dir_watcher.py:_on_file_modified():288] file/dir modified: /media/SSD_1_2T/xt/MindBridge/src/wandb/run-20240722_173440-dfp4j9ht/files/output.log
2024-07-22 17:37:18,189 DEBUG   HandlerThread:3549304 [handler.py:handle_request():146] handle_request: partial_history
2024-07-22 17:37:18,190 DEBUG   SenderThread:3549304 [sender.py:send():379] send: history
2024-07-22 17:37:18,190 DEBUG   SenderThread:3549304 [sender.py:send_request():406] send_request: summary_record
2024-07-22 17:37:18,191 INFO    SenderThread:3549304 [sender.py:_save_file():1390] saving file wandb-summary.json with policy end
2024-07-22 17:37:18,646 INFO    Thread-12 :3549304 [dir_watcher.py:_on_file_modified():288] file/dir modified: /media/SSD_1_2T/xt/MindBridge/src/wandb/run-20240722_173440-dfp4j9ht/files/wandb-summary.json
2024-07-22 17:37:18,646 INFO    Thread-12 :3549304 [dir_watcher.py:_on_file_modified():288] file/dir modified: /media/SSD_1_2T/xt/MindBridge/src/wandb/run-20240722_173440-dfp4j9ht/files/output.log
2024-07-22 17:37:19,420 DEBUG   HandlerThread:3549304 [handler.py:handle_request():146] handle_request: status_report
2024-07-22 17:37:20,646 INFO    Thread-12 :3549304 [dir_watcher.py:_on_file_modified():288] file/dir modified: /media/SSD_1_2T/xt/MindBridge/src/wandb/run-20240722_173440-dfp4j9ht/files/output.log
2024-07-22 17:37:22,647 INFO    Thread-12 :3549304 [dir_watcher.py:_on_file_modified():288] file/dir modified: /media/SSD_1_2T/xt/MindBridge/src/wandb/run-20240722_173440-dfp4j9ht/files/output.log
2024-07-22 17:37:24,543 DEBUG   HandlerThread:3549304 [handler.py:handle_request():146] handle_request: status_report
2024-07-22 17:37:24,647 INFO    Thread-12 :3549304 [dir_watcher.py:_on_file_modified():288] file/dir modified: /media/SSD_1_2T/xt/MindBridge/src/wandb/run-20240722_173440-dfp4j9ht/files/output.log
2024-07-22 17:37:26,648 INFO    Thread-12 :3549304 [dir_watcher.py:_on_file_modified():288] file/dir modified: /media/SSD_1_2T/xt/MindBridge/src/wandb/run-20240722_173440-dfp4j9ht/files/output.log
2024-07-22 17:37:28,081 DEBUG   HandlerThread:3549304 [handler.py:handle_request():146] handle_request: stop_status
2024-07-22 17:37:28,081 DEBUG   SenderThread:3549304 [sender.py:send_request():406] send_request: stop_status
2024-07-22 17:37:28,083 DEBUG   HandlerThread:3549304 [handler.py:handle_request():146] handle_request: internal_messages
2024-07-22 17:37:28,648 INFO    Thread-12 :3549304 [dir_watcher.py:_on_file_modified():288] file/dir modified: /media/SSD_1_2T/xt/MindBridge/src/wandb/run-20240722_173440-dfp4j9ht/files/output.log
2024-07-22 17:37:29,666 DEBUG   HandlerThread:3549304 [handler.py:handle_request():146] handle_request: status_report
2024-07-22 17:37:30,649 INFO    Thread-12 :3549304 [dir_watcher.py:_on_file_modified():288] file/dir modified: /media/SSD_1_2T/xt/MindBridge/src/wandb/run-20240722_173440-dfp4j9ht/files/output.log
2024-07-22 17:37:32,232 DEBUG   HandlerThread:3549304 [handler.py:handle_request():146] handle_request: partial_history
2024-07-22 17:37:32,234 DEBUG   SenderThread:3549304 [sender.py:send():379] send: history
2024-07-22 17:37:32,234 DEBUG   SenderThread:3549304 [sender.py:send_request():406] send_request: summary_record
2024-07-22 17:37:32,234 INFO    SenderThread:3549304 [sender.py:_save_file():1390] saving file wandb-summary.json with policy end
2024-07-22 17:37:32,649 INFO    Thread-12 :3549304 [dir_watcher.py:_on_file_modified():288] file/dir modified: /media/SSD_1_2T/xt/MindBridge/src/wandb/run-20240722_173440-dfp4j9ht/files/wandb-summary.json
2024-07-22 17:37:32,649 INFO    Thread-12 :3549304 [dir_watcher.py:_on_file_modified():288] file/dir modified: /media/SSD_1_2T/xt/MindBridge/src/wandb/run-20240722_173440-dfp4j9ht/files/output.log
2024-07-22 17:37:34,650 INFO    Thread-12 :3549304 [dir_watcher.py:_on_file_modified():288] file/dir modified: /media/SSD_1_2T/xt/MindBridge/src/wandb/run-20240722_173440-dfp4j9ht/files/output.log
2024-07-22 17:37:34,786 DEBUG   HandlerThread:3549304 [handler.py:handle_request():146] handle_request: status_report
2024-07-22 17:37:36,650 INFO    Thread-12 :3549304 [dir_watcher.py:_on_file_modified():288] file/dir modified: /media/SSD_1_2T/xt/MindBridge/src/wandb/run-20240722_173440-dfp4j9ht/files/output.log
2024-07-22 17:37:38,651 INFO    Thread-12 :3549304 [dir_watcher.py:_on_file_modified():288] file/dir modified: /media/SSD_1_2T/xt/MindBridge/src/wandb/run-20240722_173440-dfp4j9ht/files/output.log
2024-07-22 17:37:39,917 DEBUG   HandlerThread:3549304 [handler.py:handle_request():146] handle_request: status_report
2024-07-22 17:37:40,651 INFO    Thread-12 :3549304 [dir_watcher.py:_on_file_modified():288] file/dir modified: /media/SSD_1_2T/xt/MindBridge/src/wandb/run-20240722_173440-dfp4j9ht/files/output.log
2024-07-22 17:37:41,855 DEBUG   SenderThread:3549304 [sender.py:send():379] send: stats
2024-07-22 17:37:42,652 INFO    Thread-12 :3549304 [dir_watcher.py:_on_file_modified():288] file/dir modified: /media/SSD_1_2T/xt/MindBridge/src/wandb/run-20240722_173440-dfp4j9ht/files/output.log
2024-07-22 17:37:43,081 DEBUG   HandlerThread:3549304 [handler.py:handle_request():146] handle_request: stop_status
2024-07-22 17:37:43,082 DEBUG   SenderThread:3549304 [sender.py:send_request():406] send_request: stop_status
2024-07-22 17:37:43,083 DEBUG   HandlerThread:3549304 [handler.py:handle_request():146] handle_request: internal_messages
2024-07-22 17:37:44,653 INFO    Thread-12 :3549304 [dir_watcher.py:_on_file_modified():288] file/dir modified: /media/SSD_1_2T/xt/MindBridge/src/wandb/run-20240722_173440-dfp4j9ht/files/output.log
2024-07-22 17:37:45,046 DEBUG   HandlerThread:3549304 [handler.py:handle_request():146] handle_request: status_report
2024-07-22 17:37:46,309 DEBUG   HandlerThread:3549304 [handler.py:handle_request():146] handle_request: partial_history
2024-07-22 17:37:46,310 DEBUG   SenderThread:3549304 [sender.py:send():379] send: history
2024-07-22 17:37:46,310 DEBUG   SenderThread:3549304 [sender.py:send_request():406] send_request: summary_record
2024-07-22 17:37:46,310 INFO    SenderThread:3549304 [sender.py:_save_file():1390] saving file wandb-summary.json with policy end
2024-07-22 17:37:46,653 INFO    Thread-12 :3549304 [dir_watcher.py:_on_file_modified():288] file/dir modified: /media/SSD_1_2T/xt/MindBridge/src/wandb/run-20240722_173440-dfp4j9ht/files/wandb-summary.json
2024-07-22 17:37:46,653 INFO    Thread-12 :3549304 [dir_watcher.py:_on_file_modified():288] file/dir modified: /media/SSD_1_2T/xt/MindBridge/src/wandb/run-20240722_173440-dfp4j9ht/files/output.log
2024-07-22 17:37:48,654 INFO    Thread-12 :3549304 [dir_watcher.py:_on_file_modified():288] file/dir modified: /media/SSD_1_2T/xt/MindBridge/src/wandb/run-20240722_173440-dfp4j9ht/files/output.log
2024-07-22 17:37:50,176 DEBUG   HandlerThread:3549304 [handler.py:handle_request():146] handle_request: status_report
2024-07-22 17:37:50,654 INFO    Thread-12 :3549304 [dir_watcher.py:_on_file_modified():288] file/dir modified: /media/SSD_1_2T/xt/MindBridge/src/wandb/run-20240722_173440-dfp4j9ht/files/output.log
2024-07-22 17:37:52,655 INFO    Thread-12 :3549304 [dir_watcher.py:_on_file_modified():288] file/dir modified: /media/SSD_1_2T/xt/MindBridge/src/wandb/run-20240722_173440-dfp4j9ht/files/output.log
2024-07-22 17:37:54,655 INFO    Thread-12 :3549304 [dir_watcher.py:_on_file_modified():288] file/dir modified: /media/SSD_1_2T/xt/MindBridge/src/wandb/run-20240722_173440-dfp4j9ht/files/output.log
2024-07-22 17:37:55,310 DEBUG   HandlerThread:3549304 [handler.py:handle_request():146] handle_request: status_report
2024-07-22 17:37:56,656 INFO    Thread-12 :3549304 [dir_watcher.py:_on_file_modified():288] file/dir modified: /media/SSD_1_2T/xt/MindBridge/src/wandb/run-20240722_173440-dfp4j9ht/files/output.log
2024-07-22 17:37:58,081 DEBUG   HandlerThread:3549304 [handler.py:handle_request():146] handle_request: stop_status
2024-07-22 17:37:58,082 DEBUG   SenderThread:3549304 [sender.py:send_request():406] send_request: stop_status
2024-07-22 17:37:58,083 DEBUG   HandlerThread:3549304 [handler.py:handle_request():146] handle_request: internal_messages
2024-07-22 17:37:58,656 INFO    Thread-12 :3549304 [dir_watcher.py:_on_file_modified():288] file/dir modified: /media/SSD_1_2T/xt/MindBridge/src/wandb/run-20240722_173440-dfp4j9ht/files/output.log
2024-07-22 17:38:00,323 DEBUG   HandlerThread:3549304 [handler.py:handle_request():146] handle_request: status_report
2024-07-22 17:38:00,374 DEBUG   HandlerThread:3549304 [handler.py:handle_request():146] handle_request: partial_history
2024-07-22 17:38:00,375 DEBUG   SenderThread:3549304 [sender.py:send():379] send: history
2024-07-22 17:38:00,375 DEBUG   SenderThread:3549304 [sender.py:send_request():406] send_request: summary_record
2024-07-22 17:38:00,376 INFO    SenderThread:3549304 [sender.py:_save_file():1390] saving file wandb-summary.json with policy end
2024-07-22 17:38:00,657 INFO    Thread-12 :3549304 [dir_watcher.py:_on_file_modified():288] file/dir modified: /media/SSD_1_2T/xt/MindBridge/src/wandb/run-20240722_173440-dfp4j9ht/files/wandb-summary.json
2024-07-22 17:38:00,657 INFO    Thread-12 :3549304 [dir_watcher.py:_on_file_modified():288] file/dir modified: /media/SSD_1_2T/xt/MindBridge/src/wandb/run-20240722_173440-dfp4j9ht/files/output.log
2024-07-22 17:38:02,657 INFO    Thread-12 :3549304 [dir_watcher.py:_on_file_modified():288] file/dir modified: /media/SSD_1_2T/xt/MindBridge/src/wandb/run-20240722_173440-dfp4j9ht/files/output.log
2024-07-22 17:38:04,657 INFO    Thread-12 :3549304 [dir_watcher.py:_on_file_modified():288] file/dir modified: /media/SSD_1_2T/xt/MindBridge/src/wandb/run-20240722_173440-dfp4j9ht/files/output.log
2024-07-22 17:38:05,438 DEBUG   HandlerThread:3549304 [handler.py:handle_request():146] handle_request: status_report
2024-07-22 17:38:06,658 INFO    Thread-12 :3549304 [dir_watcher.py:_on_file_modified():288] file/dir modified: /media/SSD_1_2T/xt/MindBridge/src/wandb/run-20240722_173440-dfp4j9ht/files/output.log
2024-07-22 17:38:08,658 INFO    Thread-12 :3549304 [dir_watcher.py:_on_file_modified():288] file/dir modified: /media/SSD_1_2T/xt/MindBridge/src/wandb/run-20240722_173440-dfp4j9ht/files/output.log
2024-07-22 17:38:10,572 DEBUG   HandlerThread:3549304 [handler.py:handle_request():146] handle_request: status_report
2024-07-22 17:38:10,659 INFO    Thread-12 :3549304 [dir_watcher.py:_on_file_modified():288] file/dir modified: /media/SSD_1_2T/xt/MindBridge/src/wandb/run-20240722_173440-dfp4j9ht/files/output.log
2024-07-22 17:38:11,856 DEBUG   SenderThread:3549304 [sender.py:send():379] send: stats
2024-07-22 17:38:12,659 INFO    Thread-12 :3549304 [dir_watcher.py:_on_file_modified():288] file/dir modified: /media/SSD_1_2T/xt/MindBridge/src/wandb/run-20240722_173440-dfp4j9ht/files/output.log
2024-07-22 17:38:13,081 DEBUG   HandlerThread:3549304 [handler.py:handle_request():146] handle_request: stop_status
2024-07-22 17:38:13,082 DEBUG   SenderThread:3549304 [sender.py:send_request():406] send_request: stop_status
2024-07-22 17:38:13,082 DEBUG   HandlerThread:3549304 [handler.py:handle_request():146] handle_request: internal_messages
2024-07-22 17:38:14,458 DEBUG   HandlerThread:3549304 [handler.py:handle_request():146] handle_request: partial_history
2024-07-22 17:38:14,459 DEBUG   SenderThread:3549304 [sender.py:send():379] send: history
2024-07-22 17:38:14,459 DEBUG   SenderThread:3549304 [sender.py:send_request():406] send_request: summary_record
2024-07-22 17:38:14,460 INFO    SenderThread:3549304 [sender.py:_save_file():1390] saving file wandb-summary.json with policy end
2024-07-22 17:38:14,660 INFO    Thread-12 :3549304 [dir_watcher.py:_on_file_modified():288] file/dir modified: /media/SSD_1_2T/xt/MindBridge/src/wandb/run-20240722_173440-dfp4j9ht/files/wandb-summary.json
2024-07-22 17:38:14,660 INFO    Thread-12 :3549304 [dir_watcher.py:_on_file_modified():288] file/dir modified: /media/SSD_1_2T/xt/MindBridge/src/wandb/run-20240722_173440-dfp4j9ht/files/output.log
2024-07-22 17:38:15,062 DEBUG   SenderThread:3549304 [sender.py:send():379] send: exit
2024-07-22 17:38:15,062 INFO    SenderThread:3549304 [sender.py:send_exit():586] handling exit code: 255
2024-07-22 17:38:15,062 INFO    SenderThread:3549304 [sender.py:send_exit():588] handling runtime: 213
2024-07-22 17:38:15,062 INFO    SenderThread:3549304 [sender.py:_save_file():1390] saving file wandb-summary.json with policy end
2024-07-22 17:38:15,062 INFO    SenderThread:3549304 [sender.py:send_exit():594] send defer
2024-07-22 17:38:15,062 DEBUG   HandlerThread:3549304 [handler.py:handle_request():146] handle_request: defer
2024-07-22 17:38:15,063 INFO    HandlerThread:3549304 [handler.py:handle_request_defer():172] handle defer: 0
2024-07-22 17:38:15,063 DEBUG   SenderThread:3549304 [sender.py:send_request():406] send_request: defer
2024-07-22 17:38:15,063 INFO    SenderThread:3549304 [sender.py:send_request_defer():610] handle sender defer: 0
2024-07-22 17:38:15,063 INFO    SenderThread:3549304 [sender.py:transition_state():614] send defer: 1
2024-07-22 17:38:15,063 DEBUG   HandlerThread:3549304 [handler.py:handle_request():146] handle_request: defer
2024-07-22 17:38:15,063 INFO    HandlerThread:3549304 [handler.py:handle_request_defer():172] handle defer: 1
2024-07-22 17:38:15,063 DEBUG   SenderThread:3549304 [sender.py:send_request():406] send_request: defer
2024-07-22 17:38:15,063 INFO    SenderThread:3549304 [sender.py:send_request_defer():610] handle sender defer: 1
2024-07-22 17:38:15,063 INFO    SenderThread:3549304 [sender.py:transition_state():614] send defer: 2
2024-07-22 17:38:15,063 DEBUG   HandlerThread:3549304 [handler.py:handle_request():146] handle_request: defer
2024-07-22 17:38:15,063 INFO    HandlerThread:3549304 [handler.py:handle_request_defer():172] handle defer: 2
2024-07-22 17:38:15,063 INFO    HandlerThread:3549304 [system_monitor.py:finish():203] Stopping system monitor
2024-07-22 17:38:15,063 DEBUG   SystemMonitor:3549304 [system_monitor.py:_start():179] Finished system metrics aggregation loop
2024-07-22 17:38:15,063 INFO    HandlerThread:3549304 [interfaces.py:finish():202] Joined cpu monitor
2024-07-22 17:38:15,063 DEBUG   SystemMonitor:3549304 [system_monitor.py:_start():183] Publishing last batch of metrics
2024-07-22 17:38:15,064 INFO    HandlerThread:3549304 [interfaces.py:finish():202] Joined disk monitor
2024-07-22 17:38:15,120 INFO    HandlerThread:3549304 [interfaces.py:finish():202] Joined gpu monitor
2024-07-22 17:38:15,120 INFO    HandlerThread:3549304 [interfaces.py:finish():202] Joined memory monitor
2024-07-22 17:38:15,120 INFO    HandlerThread:3549304 [interfaces.py:finish():202] Joined network monitor
2024-07-22 17:38:15,120 DEBUG   SenderThread:3549304 [sender.py:send_request():406] send_request: defer
2024-07-22 17:38:15,120 INFO    SenderThread:3549304 [sender.py:send_request_defer():610] handle sender defer: 2
2024-07-22 17:38:15,120 INFO    SenderThread:3549304 [sender.py:transition_state():614] send defer: 3
2024-07-22 17:38:15,121 DEBUG   HandlerThread:3549304 [handler.py:handle_request():146] handle_request: defer
2024-07-22 17:38:15,121 DEBUG   SenderThread:3549304 [sender.py:send():379] send: stats
2024-07-22 17:38:15,121 INFO    HandlerThread:3549304 [handler.py:handle_request_defer():172] handle defer: 3
2024-07-22 17:38:15,121 DEBUG   SenderThread:3549304 [sender.py:send_request():406] send_request: defer
2024-07-22 17:38:15,121 INFO    SenderThread:3549304 [sender.py:send_request_defer():610] handle sender defer: 3
2024-07-22 17:38:15,121 INFO    SenderThread:3549304 [sender.py:transition_state():614] send defer: 4
2024-07-22 17:38:15,121 DEBUG   HandlerThread:3549304 [handler.py:handle_request():146] handle_request: defer
2024-07-22 17:38:15,121 INFO    HandlerThread:3549304 [handler.py:handle_request_defer():172] handle defer: 4
2024-07-22 17:38:15,122 DEBUG   SenderThread:3549304 [sender.py:send_request():406] send_request: defer
2024-07-22 17:38:15,122 INFO    SenderThread:3549304 [sender.py:send_request_defer():610] handle sender defer: 4
2024-07-22 17:38:15,122 INFO    SenderThread:3549304 [sender.py:transition_state():614] send defer: 5
2024-07-22 17:38:15,122 DEBUG   HandlerThread:3549304 [handler.py:handle_request():146] handle_request: defer
2024-07-22 17:38:15,122 INFO    HandlerThread:3549304 [handler.py:handle_request_defer():172] handle defer: 5
2024-07-22 17:38:15,122 DEBUG   SenderThread:3549304 [sender.py:send():379] send: summary
2024-07-22 17:38:15,122 INFO    SenderThread:3549304 [sender.py:_save_file():1390] saving file wandb-summary.json with policy end
2024-07-22 17:38:15,122 DEBUG   SenderThread:3549304 [sender.py:send_request():406] send_request: defer
2024-07-22 17:38:15,122 INFO    SenderThread:3549304 [sender.py:send_request_defer():610] handle sender defer: 5
2024-07-22 17:38:15,123 INFO    SenderThread:3549304 [sender.py:transition_state():614] send defer: 6
2024-07-22 17:38:15,123 DEBUG   HandlerThread:3549304 [handler.py:handle_request():146] handle_request: defer
2024-07-22 17:38:15,123 INFO    HandlerThread:3549304 [handler.py:handle_request_defer():172] handle defer: 6
2024-07-22 17:38:15,123 DEBUG   SenderThread:3549304 [sender.py:send_request():406] send_request: defer
2024-07-22 17:38:15,123 INFO    SenderThread:3549304 [sender.py:send_request_defer():610] handle sender defer: 6
2024-07-22 17:38:15,123 INFO    SenderThread:3549304 [sender.py:transition_state():614] send defer: 7
2024-07-22 17:38:15,123 DEBUG   HandlerThread:3549304 [handler.py:handle_request():146] handle_request: status_report
2024-07-22 17:38:15,123 DEBUG   HandlerThread:3549304 [handler.py:handle_request():146] handle_request: defer
2024-07-22 17:38:15,123 INFO    HandlerThread:3549304 [handler.py:handle_request_defer():172] handle defer: 7
2024-07-22 17:38:15,123 DEBUG   SenderThread:3549304 [sender.py:send_request():406] send_request: defer
2024-07-22 17:38:15,123 INFO    SenderThread:3549304 [sender.py:send_request_defer():610] handle sender defer: 7
2024-07-22 17:38:15,660 INFO    Thread-12 :3549304 [dir_watcher.py:_on_file_modified():288] file/dir modified: /media/SSD_1_2T/xt/MindBridge/src/wandb/run-20240722_173440-dfp4j9ht/files/wandb-summary.json
2024-07-22 17:38:16,062 DEBUG   HandlerThread:3549304 [handler.py:handle_request():146] handle_request: poll_exit
2024-07-22 17:38:16,660 INFO    Thread-12 :3549304 [dir_watcher.py:_on_file_modified():288] file/dir modified: /media/SSD_1_2T/xt/MindBridge/src/wandb/run-20240722_173440-dfp4j9ht/files/output.log
2024-07-22 17:38:17,967 INFO    SenderThread:3549304 [sender.py:transition_state():614] send defer: 8
2024-07-22 17:38:17,967 DEBUG   SenderThread:3549304 [sender.py:send_request():406] send_request: poll_exit
2024-07-22 17:38:17,968 DEBUG   HandlerThread:3549304 [handler.py:handle_request():146] handle_request: defer
2024-07-22 17:38:17,968 INFO    HandlerThread:3549304 [handler.py:handle_request_defer():172] handle defer: 8
2024-07-22 17:38:17,968 DEBUG   SenderThread:3549304 [sender.py:send_request():406] send_request: defer
2024-07-22 17:38:17,968 INFO    SenderThread:3549304 [sender.py:send_request_defer():610] handle sender defer: 8
2024-07-22 17:38:17,968 INFO    SenderThread:3549304 [job_builder.py:build():318] Attempting to build job artifact
2024-07-22 17:38:17,968 INFO    SenderThread:3549304 [job_builder.py:_get_source_type():455] is repo sourced job
2024-07-22 17:38:17,977 INFO    SenderThread:3549304 [job_builder.py:build():431] adding wandb-job metadata file
2024-07-22 17:38:17,986 INFO    SenderThread:3549304 [sender.py:transition_state():614] send defer: 9
2024-07-22 17:38:17,986 DEBUG   HandlerThread:3549304 [handler.py:handle_request():146] handle_request: defer
2024-07-22 17:38:17,986 INFO    HandlerThread:3549304 [handler.py:handle_request_defer():172] handle defer: 9
2024-07-22 17:38:17,986 DEBUG   SenderThread:3549304 [sender.py:send():379] send: artifact
2024-07-22 17:38:18,063 DEBUG   HandlerThread:3549304 [handler.py:handle_request():146] handle_request: poll_exit
2024-07-22 17:38:18,661 INFO    Thread-12 :3549304 [dir_watcher.py:_on_file_modified():288] file/dir modified: /media/SSD_1_2T/xt/MindBridge/src/wandb/run-20240722_173440-dfp4j9ht/files/output.log
2024-07-22 17:38:19,719 INFO    wandb-upload_0:3549304 [upload_job.py:push():86] Skipped uploading /home/fmri/.local/share/wandb/artifacts/staging/tmpwraiw_36
2024-07-22 17:38:20,220 INFO    wandb-upload_1:3549304 [upload_job.py:push():89] Uploaded file /tmp/tmp4vj0tanx/wandb-job.json
2024-07-22 17:38:21,332 ERROR   FileStreamThread:3549304 [file_stream.py:_handle_response():523] dropped chunk 404 Client Error: Not Found for url: https://api.wandb.ai/files/xt2000512/MindBrige_image_only_mixco_loss/dfp4j9ht/file_stream
NoneType: None
2024-07-22 17:38:21,606 ERROR   FileStreamThread:3549304 [file_stream.py:_handle_response():523] dropped chunk 404 Client Error: Not Found for url: https://api.wandb.ai/files/xt2000512/MindBrige_image_only_mixco_loss/dfp4j9ht/file_stream
NoneType: None
2024-07-22 17:38:22,034 ERROR   SenderThread:3549304 [internal_api.py:execute():373] 404 response executing GraphQL.
2024-07-22 17:38:22,034 ERROR   SenderThread:3549304 [internal_api.py:execute():374] {"errors":[{"message":"failed to find run MindBrige_image_only_mixco_loss/dfp4j9ht","path":["useArtifact"]}],"data":{"useArtifact":null}}
2024-07-22 17:38:22,034 ERROR   SenderThread:3549304 [sender.py:send_artifact():1470] send_artifact: failed for artifact "job/job-https___github.com_littlepure2333_MindBridge.git_src_main.py": It appears that you do not have permission to access the requested resource. Please reach out to the project owner to grant you access. If you have the correct permissions, verify that there are no issues with your networking setup.(Error 404: Not Found)
2024-07-22 17:38:22,034 DEBUG   SenderThread:3549304 [sender.py:send_request():406] send_request: defer
2024-07-22 17:38:22,034 INFO    SenderThread:3549304 [sender.py:send_request_defer():610] handle sender defer: 9
2024-07-22 17:38:22,034 INFO    SenderThread:3549304 [dir_watcher.py:finish():358] shutting down directory watcher
2024-07-22 17:38:22,662 INFO    SenderThread:3549304 [dir_watcher.py:finish():388] scan: /media/SSD_1_2T/xt/MindBridge/src/wandb/run-20240722_173440-dfp4j9ht/files
2024-07-22 17:38:22,662 INFO    SenderThread:3549304 [dir_watcher.py:finish():402] scan save: /media/SSD_1_2T/xt/MindBridge/src/wandb/run-20240722_173440-dfp4j9ht/files/output.log output.log
2024-07-22 17:38:22,662 INFO    SenderThread:3549304 [dir_watcher.py:finish():402] scan save: /media/SSD_1_2T/xt/MindBridge/src/wandb/run-20240722_173440-dfp4j9ht/files/wandb-metadata.json wandb-metadata.json
2024-07-22 17:38:22,662 INFO    SenderThread:3549304 [dir_watcher.py:finish():402] scan save: /media/SSD_1_2T/xt/MindBridge/src/wandb/run-20240722_173440-dfp4j9ht/files/conda-environment.yaml conda-environment.yaml
2024-07-22 17:38:22,662 INFO    SenderThread:3549304 [dir_watcher.py:finish():402] scan save: /media/SSD_1_2T/xt/MindBridge/src/wandb/run-20240722_173440-dfp4j9ht/files/config.yaml config.yaml
2024-07-22 17:38:22,662 INFO    SenderThread:3549304 [dir_watcher.py:finish():402] scan save: /media/SSD_1_2T/xt/MindBridge/src/wandb/run-20240722_173440-dfp4j9ht/files/wandb-summary.json wandb-summary.json
2024-07-22 17:38:22,662 INFO    SenderThread:3549304 [dir_watcher.py:finish():402] scan save: /media/SSD_1_2T/xt/MindBridge/src/wandb/run-20240722_173440-dfp4j9ht/files/requirements.txt requirements.txt
2024-07-22 17:38:22,663 INFO    SenderThread:3549304 [sender.py:transition_state():614] send defer: 10
2024-07-22 17:38:22,663 DEBUG   SenderThread:3549304 [sender.py:send_request():406] send_request: poll_exit
2024-07-22 17:38:22,663 DEBUG   HandlerThread:3549304 [handler.py:handle_request():146] handle_request: defer
2024-07-22 17:38:22,666 INFO    HandlerThread:3549304 [handler.py:handle_request_defer():172] handle defer: 10
2024-07-22 17:38:22,666 DEBUG   SenderThread:3549304 [sender.py:send_request():406] send_request: defer
2024-07-22 17:38:22,667 INFO    SenderThread:3549304 [sender.py:send_request_defer():610] handle sender defer: 10
2024-07-22 17:38:22,667 INFO    SenderThread:3549304 [file_pusher.py:finish():172] shutting down file pusher
2024-07-22 17:38:22,930 ERROR   wandb-upload_0:3549304 [internal_api.py:execute():373] 404 response executing GraphQL.
2024-07-22 17:38:22,930 ERROR   wandb-upload_0:3549304 [internal_api.py:execute():374] {"errors":[{"message":"run MindBrige_image_only_mixco_loss/dfp4j9ht not found during createRunFiles","path":["createRunFiles"]}],"data":{"createRunFiles":null}}
2024-07-22 17:38:22,930 ERROR   Thread-11 (_thread_body):3549304 [step_upload.py:_handle_event():200] Failed to upload file: /media/SSD_1_2T/xt/MindBridge/src/wandb/run-20240722_173440-dfp4j9ht/files/conda-environment.yaml
Traceback (most recent call last):
  File "/home/fmri/miniconda3/envs/xt/lib/python3.10/site-packages/wandb/sdk/lib/retry.py", line 131, in __call__
    result = self._call_fn(*args, **kwargs)
  File "/home/fmri/miniconda3/envs/xt/lib/python3.10/site-packages/wandb/sdk/internal/internal_api.py", line 369, in execute
    return self.client.execute(*args, **kwargs)  # type: ignore
  File "/home/fmri/miniconda3/envs/xt/lib/python3.10/site-packages/wandb/vendor/gql-0.2.0/wandb_gql/client.py", line 52, in execute
    result = self._get_result(document, *args, **kwargs)
  File "/home/fmri/miniconda3/envs/xt/lib/python3.10/site-packages/wandb/vendor/gql-0.2.0/wandb_gql/client.py", line 60, in _get_result
    return self.transport.execute(document, *args, **kwargs)
  File "/home/fmri/miniconda3/envs/xt/lib/python3.10/site-packages/wandb/sdk/lib/gql_request.py", line 59, in execute
    request.raise_for_status()
  File "/home/fmri/miniconda3/envs/xt/lib/python3.10/site-packages/requests/models.py", line 1024, in raise_for_status
    raise HTTPError(http_error_msg, response=self)
requests.exceptions.HTTPError: 404 Client Error: Not Found for url: https://api.wandb.ai/graphql

During handling of the above exception, another exception occurred:

Traceback (most recent call last):
  File "/home/fmri/miniconda3/envs/xt/lib/python3.10/concurrent/futures/thread.py", line 58, in run
    result = self.fn(*self.args, **self.kwargs)
  File "/home/fmri/miniconda3/envs/xt/lib/python3.10/site-packages/wandb/filesync/step_upload.py", line 288, in run_and_notify
    self._do_upload_sync(event)
  File "/home/fmri/miniconda3/envs/xt/lib/python3.10/site-packages/wandb/filesync/step_upload.py", line 330, in _do_upload_sync
    job.run()
  File "/home/fmri/miniconda3/envs/xt/lib/python3.10/site-packages/wandb/filesync/upload_job.py", line 57, in run
    self.push()
  File "/home/fmri/miniconda3/envs/xt/lib/python3.10/site-packages/wandb/filesync/upload_job.py", line 106, in push
    _, upload_headers, result = self._api.upload_urls(project, [self.save_name])
  File "/home/fmri/miniconda3/envs/xt/lib/python3.10/site-packages/wandb/apis/normalize.py", line 73, in wrapper
    raise err
  File "/home/fmri/miniconda3/envs/xt/lib/python3.10/site-packages/wandb/apis/normalize.py", line 41, in wrapper
    return func(*args, **kwargs)
  File "/home/fmri/miniconda3/envs/xt/lib/python3.10/site-packages/wandb/sdk/internal/internal_api.py", line 2386, in upload_urls
    query_result = self.gql(
  File "/home/fmri/miniconda3/envs/xt/lib/python3.10/site-packages/wandb/sdk/internal/internal_api.py", line 341, in gql
    ret = self._retry_gql(
  File "/home/fmri/miniconda3/envs/xt/lib/python3.10/site-packages/wandb/sdk/lib/retry.py", line 147, in __call__
    retry_timedelta_triggered = check_retry_fn(e)
  File "/home/fmri/miniconda3/envs/xt/lib/python3.10/site-packages/wandb/util.py", line 910, in no_retry_auth
    raise CommError(
wandb.errors.CommError: It appears that you do not have permission to access the requested resource. Please reach out to the project owner to grant you access. If you have the correct permissions, verify that there are no issues with your networking setup.(Error 404: Not Found)
2024-07-22 17:38:22,931 ERROR   wandb-upload_2:3549304 [internal_api.py:execute():373] 404 response executing GraphQL.
2024-07-22 17:38:22,933 ERROR   wandb-upload_2:3549304 [internal_api.py:execute():374] {"errors":[{"message":"run MindBrige_image_only_mixco_loss/dfp4j9ht not found during createRunFiles","path":["createRunFiles"]}],"data":{"createRunFiles":null}}
2024-07-22 17:38:22,933 ERROR   Thread-11 (_thread_body):3549304 [step_upload.py:_handle_event():200] Failed to upload file: /media/SSD_1_2T/xt/MindBridge/src/wandb/run-20240722_173440-dfp4j9ht/files/output.log
Traceback (most recent call last):
  File "/home/fmri/miniconda3/envs/xt/lib/python3.10/site-packages/wandb/sdk/lib/retry.py", line 131, in __call__
    result = self._call_fn(*args, **kwargs)
  File "/home/fmri/miniconda3/envs/xt/lib/python3.10/site-packages/wandb/sdk/internal/internal_api.py", line 369, in execute
    return self.client.execute(*args, **kwargs)  # type: ignore
  File "/home/fmri/miniconda3/envs/xt/lib/python3.10/site-packages/wandb/vendor/gql-0.2.0/wandb_gql/client.py", line 52, in execute
    result = self._get_result(document, *args, **kwargs)
  File "/home/fmri/miniconda3/envs/xt/lib/python3.10/site-packages/wandb/vendor/gql-0.2.0/wandb_gql/client.py", line 60, in _get_result
    return self.transport.execute(document, *args, **kwargs)
  File "/home/fmri/miniconda3/envs/xt/lib/python3.10/site-packages/wandb/sdk/lib/gql_request.py", line 59, in execute
    request.raise_for_status()
  File "/home/fmri/miniconda3/envs/xt/lib/python3.10/site-packages/requests/models.py", line 1024, in raise_for_status
    raise HTTPError(http_error_msg, response=self)
requests.exceptions.HTTPError: 404 Client Error: Not Found for url: https://api.wandb.ai/graphql

During handling of the above exception, another exception occurred:

Traceback (most recent call last):
  File "/home/fmri/miniconda3/envs/xt/lib/python3.10/concurrent/futures/thread.py", line 58, in run
    result = self.fn(*self.args, **self.kwargs)
  File "/home/fmri/miniconda3/envs/xt/lib/python3.10/site-packages/wandb/filesync/step_upload.py", line 288, in run_and_notify
    self._do_upload_sync(event)
  File "/home/fmri/miniconda3/envs/xt/lib/python3.10/site-packages/wandb/filesync/step_upload.py", line 330, in _do_upload_sync
    job.run()
  File "/home/fmri/miniconda3/envs/xt/lib/python3.10/site-packages/wandb/filesync/upload_job.py", line 57, in run
    self.push()
  File "/home/fmri/miniconda3/envs/xt/lib/python3.10/site-packages/wandb/filesync/upload_job.py", line 106, in push
    _, upload_headers, result = self._api.upload_urls(project, [self.save_name])
  File "/home/fmri/miniconda3/envs/xt/lib/python3.10/site-packages/wandb/apis/normalize.py", line 73, in wrapper
    raise err
  File "/home/fmri/miniconda3/envs/xt/lib/python3.10/site-packages/wandb/apis/normalize.py", line 41, in wrapper
    return func(*args, **kwargs)
  File "/home/fmri/miniconda3/envs/xt/lib/python3.10/site-packages/wandb/sdk/internal/internal_api.py", line 2386, in upload_urls
    query_result = self.gql(
  File "/home/fmri/miniconda3/envs/xt/lib/python3.10/site-packages/wandb/sdk/internal/internal_api.py", line 341, in gql
    ret = self._retry_gql(
  File "/home/fmri/miniconda3/envs/xt/lib/python3.10/site-packages/wandb/sdk/lib/retry.py", line 147, in __call__
    retry_timedelta_triggered = check_retry_fn(e)
  File "/home/fmri/miniconda3/envs/xt/lib/python3.10/site-packages/wandb/util.py", line 910, in no_retry_auth
    raise CommError(
wandb.errors.CommError: It appears that you do not have permission to access the requested resource. Please reach out to the project owner to grant you access. If you have the correct permissions, verify that there are no issues with your networking setup.(Error 404: Not Found)
2024-07-22 17:38:23,064 DEBUG   HandlerThread:3549304 [handler.py:handle_request():146] handle_request: keepalive
2024-07-22 17:38:23,064 DEBUG   HandlerThread:3549304 [handler.py:handle_request():146] handle_request: poll_exit
2024-07-22 17:38:23,065 DEBUG   SenderThread:3549304 [sender.py:send_request():406] send_request: poll_exit
2024-07-22 17:38:23,065 DEBUG   HandlerThread:3549304 [handler.py:handle_request():146] handle_request: status_report
2024-07-22 17:38:23,338 ERROR   wandb-upload_1:3549304 [internal_api.py:execute():373] 404 response executing GraphQL.
2024-07-22 17:38:23,338 ERROR   wandb-upload_1:3549304 [internal_api.py:execute():374] {"errors":[{"message":"run MindBrige_image_only_mixco_loss/dfp4j9ht not found during createRunFiles","path":["createRunFiles"]}],"data":{"createRunFiles":null}}
2024-07-22 17:38:23,339 ERROR   Thread-11 (_thread_body):3549304 [step_upload.py:_handle_event():200] Failed to upload file: /media/SSD_1_2T/xt/MindBridge/src/wandb/run-20240722_173440-dfp4j9ht/files/wandb-summary.json
Traceback (most recent call last):
  File "/home/fmri/miniconda3/envs/xt/lib/python3.10/site-packages/wandb/sdk/lib/retry.py", line 131, in __call__
    result = self._call_fn(*args, **kwargs)
  File "/home/fmri/miniconda3/envs/xt/lib/python3.10/site-packages/wandb/sdk/internal/internal_api.py", line 369, in execute
    return self.client.execute(*args, **kwargs)  # type: ignore
  File "/home/fmri/miniconda3/envs/xt/lib/python3.10/site-packages/wandb/vendor/gql-0.2.0/wandb_gql/client.py", line 52, in execute
    result = self._get_result(document, *args, **kwargs)
  File "/home/fmri/miniconda3/envs/xt/lib/python3.10/site-packages/wandb/vendor/gql-0.2.0/wandb_gql/client.py", line 60, in _get_result
    return self.transport.execute(document, *args, **kwargs)
  File "/home/fmri/miniconda3/envs/xt/lib/python3.10/site-packages/wandb/sdk/lib/gql_request.py", line 59, in execute
    request.raise_for_status()
  File "/home/fmri/miniconda3/envs/xt/lib/python3.10/site-packages/requests/models.py", line 1024, in raise_for_status
    raise HTTPError(http_error_msg, response=self)
requests.exceptions.HTTPError: 404 Client Error: Not Found for url: https://api.wandb.ai/graphql

During handling of the above exception, another exception occurred:

Traceback (most recent call last):
  File "/home/fmri/miniconda3/envs/xt/lib/python3.10/concurrent/futures/thread.py", line 58, in run
    result = self.fn(*self.args, **self.kwargs)
  File "/home/fmri/miniconda3/envs/xt/lib/python3.10/site-packages/wandb/filesync/step_upload.py", line 288, in run_and_notify
    self._do_upload_sync(event)
  File "/home/fmri/miniconda3/envs/xt/lib/python3.10/site-packages/wandb/filesync/step_upload.py", line 330, in _do_upload_sync
    job.run()
  File "/home/fmri/miniconda3/envs/xt/lib/python3.10/site-packages/wandb/filesync/upload_job.py", line 57, in run
    self.push()
  File "/home/fmri/miniconda3/envs/xt/lib/python3.10/site-packages/wandb/filesync/upload_job.py", line 106, in push
    _, upload_headers, result = self._api.upload_urls(project, [self.save_name])
  File "/home/fmri/miniconda3/envs/xt/lib/python3.10/site-packages/wandb/apis/normalize.py", line 73, in wrapper
    raise err
  File "/home/fmri/miniconda3/envs/xt/lib/python3.10/site-packages/wandb/apis/normalize.py", line 41, in wrapper
    return func(*args, **kwargs)
  File "/home/fmri/miniconda3/envs/xt/lib/python3.10/site-packages/wandb/sdk/internal/internal_api.py", line 2386, in upload_urls
    query_result = self.gql(
  File "/home/fmri/miniconda3/envs/xt/lib/python3.10/site-packages/wandb/sdk/internal/internal_api.py", line 341, in gql
    ret = self._retry_gql(
  File "/home/fmri/miniconda3/envs/xt/lib/python3.10/site-packages/wandb/sdk/lib/retry.py", line 147, in __call__
    retry_timedelta_triggered = check_retry_fn(e)
  File "/home/fmri/miniconda3/envs/xt/lib/python3.10/site-packages/wandb/util.py", line 910, in no_retry_auth
    raise CommError(
wandb.errors.CommError: It appears that you do not have permission to access the requested resource. Please reach out to the project owner to grant you access. If you have the correct permissions, verify that there are no issues with your networking setup.(Error 404: Not Found)
2024-07-22 17:38:23,345 ERROR   wandb-upload_3:3549304 [internal_api.py:execute():373] 404 response executing GraphQL.
2024-07-22 17:38:23,345 ERROR   wandb-upload_3:3549304 [internal_api.py:execute():374] {"errors":[{"message":"run MindBrige_image_only_mixco_loss/dfp4j9ht not found during createRunFiles","path":["createRunFiles"]}],"data":{"createRunFiles":null}}
2024-07-22 17:38:23,345 ERROR   Thread-11 (_thread_body):3549304 [step_upload.py:_handle_event():200] Failed to upload file: /media/SSD_1_2T/xt/MindBridge/src/wandb/run-20240722_173440-dfp4j9ht/files/config.yaml
Traceback (most recent call last):
  File "/home/fmri/miniconda3/envs/xt/lib/python3.10/site-packages/wandb/sdk/lib/retry.py", line 131, in __call__
    result = self._call_fn(*args, **kwargs)
  File "/home/fmri/miniconda3/envs/xt/lib/python3.10/site-packages/wandb/sdk/internal/internal_api.py", line 369, in execute
    return self.client.execute(*args, **kwargs)  # type: ignore
  File "/home/fmri/miniconda3/envs/xt/lib/python3.10/site-packages/wandb/vendor/gql-0.2.0/wandb_gql/client.py", line 52, in execute
    result = self._get_result(document, *args, **kwargs)
  File "/home/fmri/miniconda3/envs/xt/lib/python3.10/site-packages/wandb/vendor/gql-0.2.0/wandb_gql/client.py", line 60, in _get_result
    return self.transport.execute(document, *args, **kwargs)
  File "/home/fmri/miniconda3/envs/xt/lib/python3.10/site-packages/wandb/sdk/lib/gql_request.py", line 59, in execute
    request.raise_for_status()
  File "/home/fmri/miniconda3/envs/xt/lib/python3.10/site-packages/requests/models.py", line 1024, in raise_for_status
    raise HTTPError(http_error_msg, response=self)
requests.exceptions.HTTPError: 404 Client Error: Not Found for url: https://api.wandb.ai/graphql

During handling of the above exception, another exception occurred:

Traceback (most recent call last):
  File "/home/fmri/miniconda3/envs/xt/lib/python3.10/concurrent/futures/thread.py", line 58, in run
    result = self.fn(*self.args, **self.kwargs)
  File "/home/fmri/miniconda3/envs/xt/lib/python3.10/site-packages/wandb/filesync/step_upload.py", line 288, in run_and_notify
    self._do_upload_sync(event)
  File "/home/fmri/miniconda3/envs/xt/lib/python3.10/site-packages/wandb/filesync/step_upload.py", line 330, in _do_upload_sync
    job.run()
  File "/home/fmri/miniconda3/envs/xt/lib/python3.10/site-packages/wandb/filesync/upload_job.py", line 57, in run
    self.push()
  File "/home/fmri/miniconda3/envs/xt/lib/python3.10/site-packages/wandb/filesync/upload_job.py", line 106, in push
    _, upload_headers, result = self._api.upload_urls(project, [self.save_name])
  File "/home/fmri/miniconda3/envs/xt/lib/python3.10/site-packages/wandb/apis/normalize.py", line 73, in wrapper
    raise err
  File "/home/fmri/miniconda3/envs/xt/lib/python3.10/site-packages/wandb/apis/normalize.py", line 41, in wrapper
    return func(*args, **kwargs)
  File "/home/fmri/miniconda3/envs/xt/lib/python3.10/site-packages/wandb/sdk/internal/internal_api.py", line 2386, in upload_urls
    query_result = self.gql(
  File "/home/fmri/miniconda3/envs/xt/lib/python3.10/site-packages/wandb/sdk/internal/internal_api.py", line 341, in gql
    ret = self._retry_gql(
  File "/home/fmri/miniconda3/envs/xt/lib/python3.10/site-packages/wandb/sdk/lib/retry.py", line 147, in __call__
    retry_timedelta_triggered = check_retry_fn(e)
  File "/home/fmri/miniconda3/envs/xt/lib/python3.10/site-packages/wandb/util.py", line 910, in no_retry_auth
    raise CommError(
wandb.errors.CommError: It appears that you do not have permission to access the requested resource. Please reach out to the project owner to grant you access. If you have the correct permissions, verify that there are no issues with your networking setup.(Error 404: Not Found)
2024-07-22 17:38:23,616 ERROR   wandb-upload_4:3549304 [internal_api.py:execute():373] 404 response executing GraphQL.
2024-07-22 17:38:23,616 ERROR   wandb-upload_4:3549304 [internal_api.py:execute():374] {"errors":[{"message":"run MindBrige_image_only_mixco_loss/dfp4j9ht not found during createRunFiles","path":["createRunFiles"]}],"data":{"createRunFiles":null}}
2024-07-22 17:38:23,616 ERROR   Thread-11 (_thread_body):3549304 [step_upload.py:_handle_event():200] Failed to upload file: /media/SSD_1_2T/xt/MindBridge/src/wandb/run-20240722_173440-dfp4j9ht/files/requirements.txt
Traceback (most recent call last):
  File "/home/fmri/miniconda3/envs/xt/lib/python3.10/site-packages/wandb/sdk/lib/retry.py", line 131, in __call__
    result = self._call_fn(*args, **kwargs)
  File "/home/fmri/miniconda3/envs/xt/lib/python3.10/site-packages/wandb/sdk/internal/internal_api.py", line 369, in execute
    return self.client.execute(*args, **kwargs)  # type: ignore
  File "/home/fmri/miniconda3/envs/xt/lib/python3.10/site-packages/wandb/vendor/gql-0.2.0/wandb_gql/client.py", line 52, in execute
    result = self._get_result(document, *args, **kwargs)
  File "/home/fmri/miniconda3/envs/xt/lib/python3.10/site-packages/wandb/vendor/gql-0.2.0/wandb_gql/client.py", line 60, in _get_result
    return self.transport.execute(document, *args, **kwargs)
  File "/home/fmri/miniconda3/envs/xt/lib/python3.10/site-packages/wandb/sdk/lib/gql_request.py", line 59, in execute
    request.raise_for_status()
  File "/home/fmri/miniconda3/envs/xt/lib/python3.10/site-packages/requests/models.py", line 1024, in raise_for_status
    raise HTTPError(http_error_msg, response=self)
requests.exceptions.HTTPError: 404 Client Error: Not Found for url: https://api.wandb.ai/graphql

During handling of the above exception, another exception occurred:

Traceback (most recent call last):
  File "/home/fmri/miniconda3/envs/xt/lib/python3.10/concurrent/futures/thread.py", line 58, in run
    result = self.fn(*self.args, **self.kwargs)
  File "/home/fmri/miniconda3/envs/xt/lib/python3.10/site-packages/wandb/filesync/step_upload.py", line 288, in run_and_notify
    self._do_upload_sync(event)
  File "/home/fmri/miniconda3/envs/xt/lib/python3.10/site-packages/wandb/filesync/step_upload.py", line 330, in _do_upload_sync
    job.run()
  File "/home/fmri/miniconda3/envs/xt/lib/python3.10/site-packages/wandb/filesync/upload_job.py", line 57, in run
    self.push()
  File "/home/fmri/miniconda3/envs/xt/lib/python3.10/site-packages/wandb/filesync/upload_job.py", line 106, in push
    _, upload_headers, result = self._api.upload_urls(project, [self.save_name])
  File "/home/fmri/miniconda3/envs/xt/lib/python3.10/site-packages/wandb/apis/normalize.py", line 73, in wrapper
    raise err
  File "/home/fmri/miniconda3/envs/xt/lib/python3.10/site-packages/wandb/apis/normalize.py", line 41, in wrapper
    return func(*args, **kwargs)
  File "/home/fmri/miniconda3/envs/xt/lib/python3.10/site-packages/wandb/sdk/internal/internal_api.py", line 2386, in upload_urls
    query_result = self.gql(
  File "/home/fmri/miniconda3/envs/xt/lib/python3.10/site-packages/wandb/sdk/internal/internal_api.py", line 341, in gql
    ret = self._retry_gql(
  File "/home/fmri/miniconda3/envs/xt/lib/python3.10/site-packages/wandb/sdk/lib/retry.py", line 147, in __call__
    retry_timedelta_triggered = check_retry_fn(e)
  File "/home/fmri/miniconda3/envs/xt/lib/python3.10/site-packages/wandb/util.py", line 910, in no_retry_auth
    raise CommError(
wandb.errors.CommError: It appears that you do not have permission to access the requested resource. Please reach out to the project owner to grant you access. If you have the correct permissions, verify that there are no issues with your networking setup.(Error 404: Not Found)
2024-07-22 17:38:23,816 INFO    Thread-11 (_thread_body):3549304 [sender.py:transition_state():614] send defer: 11
2024-07-22 17:38:23,816 DEBUG   HandlerThread:3549304 [handler.py:handle_request():146] handle_request: defer
2024-07-22 17:38:23,816 INFO    HandlerThread:3549304 [handler.py:handle_request_defer():172] handle defer: 11
2024-07-22 17:38:23,816 DEBUG   SenderThread:3549304 [sender.py:send_request():406] send_request: defer
2024-07-22 17:38:23,817 INFO    SenderThread:3549304 [sender.py:send_request_defer():610] handle sender defer: 11
2024-07-22 17:38:23,817 INFO    SenderThread:3549304 [file_pusher.py:join():178] waiting for file pusher
2024-07-22 17:38:23,817 INFO    SenderThread:3549304 [sender.py:transition_state():614] send defer: 12
2024-07-22 17:38:23,817 DEBUG   HandlerThread:3549304 [handler.py:handle_request():146] handle_request: defer
2024-07-22 17:38:23,817 INFO    HandlerThread:3549304 [handler.py:handle_request_defer():172] handle defer: 12
2024-07-22 17:38:23,817 DEBUG   SenderThread:3549304 [sender.py:send_request():406] send_request: defer
2024-07-22 17:38:23,817 INFO    SenderThread:3549304 [sender.py:send_request_defer():610] handle sender defer: 12
2024-07-22 17:38:23,817 INFO    SenderThread:3549304 [file_stream.py:finish():614] file stream finish called
2024-07-22 17:38:24,065 DEBUG   HandlerThread:3549304 [handler.py:handle_request():146] handle_request: poll_exit
2024-07-22 17:38:24,348 INFO    SenderThread:3549304 [file_stream.py:finish():618] file stream finish is done
2024-07-22 17:38:24,349 INFO    SenderThread:3549304 [sender.py:transition_state():614] send defer: 13
2024-07-22 17:38:24,349 DEBUG   SenderThread:3549304 [sender.py:send_request():406] send_request: poll_exit
2024-07-22 17:38:24,349 DEBUG   HandlerThread:3549304 [handler.py:handle_request():146] handle_request: defer
2024-07-22 17:38:24,349 INFO    HandlerThread:3549304 [handler.py:handle_request_defer():172] handle defer: 13
2024-07-22 17:38:24,349 DEBUG   SenderThread:3549304 [sender.py:send_request():406] send_request: defer
2024-07-22 17:38:24,349 INFO    SenderThread:3549304 [sender.py:send_request_defer():610] handle sender defer: 13
2024-07-22 17:38:24,349 INFO    SenderThread:3549304 [sender.py:transition_state():614] send defer: 14
2024-07-22 17:38:24,349 DEBUG   HandlerThread:3549304 [handler.py:handle_request():146] handle_request: defer
2024-07-22 17:38:24,349 INFO    HandlerThread:3549304 [handler.py:handle_request_defer():172] handle defer: 14
2024-07-22 17:38:24,349 DEBUG   SenderThread:3549304 [sender.py:send():379] send: final
2024-07-22 17:38:24,350 DEBUG   SenderThread:3549304 [sender.py:send():379] send: footer
2024-07-22 17:38:24,350 DEBUG   SenderThread:3549304 [sender.py:send_request():406] send_request: defer
2024-07-22 17:38:24,350 INFO    SenderThread:3549304 [sender.py:send_request_defer():610] handle sender defer: 14
2024-07-22 17:38:24,350 DEBUG   HandlerThread:3549304 [handler.py:handle_request():146] handle_request: poll_exit
2024-07-22 17:38:24,350 DEBUG   SenderThread:3549304 [sender.py:send_request():406] send_request: poll_exit
2024-07-22 17:38:24,350 DEBUG   HandlerThread:3549304 [handler.py:handle_request():146] handle_request: poll_exit
2024-07-22 17:38:24,350 DEBUG   SenderThread:3549304 [sender.py:send_request():406] send_request: poll_exit
2024-07-22 17:38:24,350 DEBUG   HandlerThread:3549304 [handler.py:handle_request():146] handle_request: server_info
2024-07-22 17:38:24,351 DEBUG   SenderThread:3549304 [sender.py:send_request():406] send_request: server_info
2024-07-22 17:38:24,352 DEBUG   HandlerThread:3549304 [handler.py:handle_request():146] handle_request: get_summary
2024-07-22 17:38:24,352 DEBUG   HandlerThread:3549304 [handler.py:handle_request():146] handle_request: sampled_history
2024-07-22 17:38:24,353 DEBUG   HandlerThread:3549304 [handler.py:handle_request():146] handle_request: internal_messages
2024-07-22 17:38:24,590 INFO    MainThread:3549304 [wandb_run.py:_footer_history_summary_info():3936] rendering history
2024-07-22 17:38:24,591 INFO    MainThread:3549304 [wandb_run.py:_footer_history_summary_info():3968] rendering summary
2024-07-22 17:38:24,591 INFO    MainThread:3549304 [wandb_run.py:_footer_sync_info():3895] logging synced files
2024-07-22 17:38:24,591 DEBUG   HandlerThread:3549304 [handler.py:handle_request():146] handle_request: shutdown
2024-07-22 17:38:24,591 INFO    HandlerThread:3549304 [handler.py:finish():866] shutting down handler
2024-07-22 17:38:25,351 INFO    WriterThread:3549304 [datastore.py:close():296] close: /media/SSD_1_2T/xt/MindBridge/src/wandb/run-20240722_173440-dfp4j9ht/run-dfp4j9ht.wandb
2024-07-22 17:38:25,590 INFO    SenderThread:3549304 [sender.py:finish():1546] shutting down sender
2024-07-22 17:38:25,590 INFO    SenderThread:3549304 [file_pusher.py:finish():172] shutting down file pusher
2024-07-22 17:38:25,590 INFO    SenderThread:3549304 [file_pusher.py:join():178] waiting for file pusher
